#
# There is insufficient memory for the Java Runtime Environment to continue.
# Native memory allocation (malloc) failed to allocate 32744 bytes for ChunkPool::allocate
# Possible reasons:
#   The system is out of physical RAM or swap space
#   The process is running with CompressedOops enabled, and the Java Heap may be blocking the growth of the native heap
# Possible solutions:
#   Reduce memory load on the system
#   Increase physical memory or swap space
#   Check if swap backing store is full
#   Decrease Java heap size (-Xmx/-Xms)
#   Decrease number of Java threads
#   Decrease Java thread stack sizes (-Xss)
#   Set larger code cache with -XX:ReservedCodeCacheSize=
#   JVM is running with Unscaled Compressed Oops mode in which the Java heap is
#     placed in the first 4GB address space. The Java Heap base address is the
#     maximum limit for the native heap growth. Please use -XX:HeapBaseMinAddress
#     to set the Java Heap base and to place the Java Heap above 4GB virtual address.
# This output file may be truncated or incomplete.
#
#  Out of Memory Error (allocation.cpp:272), pid=1820, tid=0x0000000000004bf0
#
# JRE version: OpenJDK Runtime Environment (8.0_202-b03) (build 1.8.0_202-release-1483-b03)
# Java VM: OpenJDK 64-Bit Server VM (25.202-b03 mixed mode windows-amd64 compressed oops)
# Failed to write core dump. Minidumps are not enabled by default on client versions of Windows
#

---------------  T H R E A D  ---------------

Current thread (0x0000000017288000):  JavaThread "C2 CompilerThread2" daemon [_thread_in_native, id=19440, stack(0x0000000019ae0000,0x0000000019be0000)]

Stack: [0x0000000019ae0000,0x0000000019be0000]
[error occurred during error reporting (printing stack bounds), id 0xc0000005]

Native frames: (J=compiled Java code, j=interpreted, Vv=VM code, C=native code)


Current CompileTask:
C2:  12628 7570       4       org.objectweb.asm.commons.MethodRemapper::visitFieldInsn (34 bytes)


---------------  P R O C E S S  ---------------

Java Threads: ( => current thread )
  0x000000001dade000 JavaThread "Memory manager" [_thread_blocked, id=6640, stack(0x0000000023530000,0x0000000023630000)]
  0x000000001dae2800 JavaThread "Cache worker for Build Output Cleanup Cache (C:\Users\J\Downloads\DailyRecord\.gradle\buildOutputCleanup)" [_thread_blocked, id=15864, stack(0x0000000023090000,0x0000000023190000)]
  0x000000001dae2000 JavaThread "Build operations Thread 8" [_thread_in_native, id=12628, stack(0x0000000023970000,0x0000000023a70000)]
  0x000000001dae3800 JavaThread "Build operations Thread 7" [_thread_in_native, id=14012, stack(0x0000000023870000,0x0000000023970000)]
  0x000000001dada800 JavaThread "Build operations Thread 6" [_thread_blocked, id=20432, stack(0x0000000023770000,0x0000000023870000)]
  0x000000001dadf000 JavaThread "Build operations Thread 5" [_thread_in_native, id=10584, stack(0x0000000023670000,0x0000000023770000)]
  0x000000001dadd800 JavaThread "Build operations Thread 4" [_thread_in_native, id=10708, stack(0x0000000023430000,0x0000000023530000)]
  0x000000001dadc000 JavaThread "Build operations Thread 3" [_thread_in_native, id=1412, stack(0x0000000023330000,0x0000000023430000)]
  0x000000001dadc800 JavaThread "Build operations Thread 2" [_thread_in_native, id=9304, stack(0x0000000023230000,0x0000000023330000)]
  0x000000001dae0800 JavaThread "Build operations" [_thread_blocked, id=17816, stack(0x00000000214c0000,0x00000000215c0000)]
  0x000000001dae1000 JavaThread "Cache worker for execution history cache (C:\Users\J\.gradle\caches\5.4.1\executionHistory)" [_thread_blocked, id=19112, stack(0x0000000020300000,0x0000000020400000)]
  0x000000001a8be000 JavaThread "Cache worker for cache directory md-rule (C:\Users\J\.gradle\caches\5.4.1\md-rule)" [_thread_blocked, id=4112, stack(0x0000000020200000,0x0000000020300000)]
  0x000000001a8bd000 JavaThread "Cache worker for cache directory md-supplier (C:\Users\J\.gradle\caches\5.4.1\md-supplier)" [_thread_blocked, id=10352, stack(0x0000000020100000,0x0000000020200000)]
  0x000000001a8ba000 JavaThread "Cache worker for file hash cache (C:\Users\J\Downloads\DailyRecord\.gradle\5.4.1\fileHashes)" [_thread_blocked, id=20448, stack(0x000000001fc00000,0x000000001fd00000)]
  0x000000001a8be800 JavaThread "Cache worker for journal cache (C:\Users\J\.gradle\caches\journal-1)" [_thread_blocked, id=19568, stack(0x000000001c990000,0x000000001ca90000)]
  0x000000001a8c0000 JavaThread "File lock request listener" [_thread_in_native, id=15448, stack(0x000000001c890000,0x000000001c990000)]
  0x000000001a8b9800 JavaThread "Cache worker for file hash cache (C:\Users\J\.gradle\caches\5.4.1\fileHashes)" [_thread_blocked, id=9916, stack(0x000000001c590000,0x000000001c690000)]
  0x000000001b477000 JavaThread "Thread-9" [_thread_blocked, id=5484, stack(0x000000001c490000,0x000000001c590000)]
  0x000000001a05c000 JavaThread "Stdin handler" [_thread_blocked, id=8224, stack(0x000000001c390000,0x000000001c490000)]
  0x000000001b472000 JavaThread "Asynchronous log dispatcher for DefaultDaemonConnection: socket connection from /127.0.0.1:54853 to /127.0.0.1:54854" [_thread_blocked, id=6372, stack(0x000000001c290000,0x000000001c390000)]
  0x000000001ae37800 JavaThread "Daemon worker" [_thread_blocked, id=3092, stack(0x000000001c190000,0x000000001c290000)]
  0x000000001ae36800 JavaThread "Cancel handler" [_thread_blocked, id=15772, stack(0x000000001c090000,0x000000001c190000)]
  0x000000001939c800 JavaThread "Handler for socket connection from /127.0.0.1:54853 to /127.0.0.1:54854" [_thread_in_native, id=3972, stack(0x000000001bd90000,0x000000001be90000)]
  0x000000001a7f3000 JavaThread "Daemon" [_thread_blocked, id=19624, stack(0x000000001bc90000,0x000000001bd90000)]
  0x000000001a0e4800 JavaThread "Daemon periodic checks" [_thread_blocked, id=2628, stack(0x000000001bb90000,0x000000001bc90000)]
  0x000000001a10b800 JavaThread "Incoming local TCP Connector on port 54853" [_thread_in_native, id=3172, stack(0x000000001b9b0000,0x000000001bab0000)]
  0x000000001b164800 JavaThread "Daemon health stats" [_thread_blocked, id=18808, stack(0x000000001b6b0000,0x000000001b7b0000)]
  0x00000000190ff800 JavaThread "Service Thread" daemon [_thread_blocked, id=12464, stack(0x0000000019ce0000,0x0000000019de0000)]
  0x000000001728b000 JavaThread "C1 CompilerThread3" daemon [_thread_in_vm, id=8128, stack(0x0000000019be0000,0x0000000019ce0000)]
=>0x0000000017288000 JavaThread "C2 CompilerThread2" daemon [_thread_in_native, id=19440, stack(0x0000000019ae0000,0x0000000019be0000)]
  0x000000001908e800 JavaThread "C2 CompilerThread1" daemon [_thread_in_native, id=15216, stack(0x00000000199e0000,0x0000000019ae0000)]
  0x000000001908c000 JavaThread "C2 CompilerThread0" daemon [_thread_in_native, id=14228, stack(0x00000000198e0000,0x00000000199e0000)]
  0x000000001908b000 JavaThread "Attach Listener" daemon [_thread_blocked, id=9484, stack(0x00000000197e0000,0x00000000198e0000)]
  0x0000000019076800 JavaThread "Signal Dispatcher" daemon [_thread_blocked, id=9092, stack(0x00000000196e0000,0x00000000197e0000)]
  0x0000000019071800 JavaThread "Finalizer" daemon [_thread_blocked, id=9384, stack(0x0000000019550000,0x0000000019650000)]
  0x0000000019070800 JavaThread "Reference Handler" daemon [_thread_blocked, id=5016, stack(0x0000000019450000,0x0000000019550000)]
  0x00000000033be800 JavaThread "main" [_thread_blocked, id=13824, stack(0x00000000032a0000,0x00000000033a0000)]

Other Threads:
  0x0000000017278000 VMThread [stack: 0x0000000018f50000,0x0000000019050000] [id=15300]
  0x0000000019179800 WatcherThread [stack: 0x0000000019de0000,0x0000000019ee0000] [id=13152]

VM state:not at safepoint (normal execution)

VM Mutex/Monitor currently owned by a thread: None

heap address: 0x00000000a0000000, size: 1536 MB, Compressed Oops mode: 32-bit
Narrow klass base: 0x0000000000000000, Narrow klass shift: 3
Compressed class space size: 1073741824 Address: 0x0000000100000000

Heap:
 PSYoungGen      total 217088K, used 60702K [0x00000000e0000000, 0x00000000ef200000, 0x0000000100000000)
  eden space 195072K, 23% used [0x00000000e0000000,0x00000000e2cb2150,0x00000000ebe80000)
  from space 22016K, 67% used [0x00000000ebe80000,0x00000000ecd159e0,0x00000000ed400000)
  to   space 20992K, 0% used [0x00000000ed400000,0x00000000ed400000,0x00000000ee880000)
 ParOldGen       total 137216K, used 32860K [0x00000000a0000000, 0x00000000a8600000, 0x00000000e0000000)
  object space 137216K, 23% used [0x00000000a0000000,0x00000000a2017178,0x00000000a8600000)
 Metaspace       used 66997K, capacity 69624K, committed 69888K, reserved 1110016K
  class space    used 9105K, capacity 9663K, committed 9728K, reserved 1048576K

Card table byte_map: [0x0000000012880000,0x0000000012b90000] byte_map_base: 0x0000000012380000

Marking Bits: (ParMarkBitMap*) 0x0000000065459f30
 Begin Bits: [0x0000000013590000, 0x0000000014d90000)
 End Bits:   [0x0000000014d90000, 0x0000000016590000)

Polling page: 0x0000000001660000

CodeCache: size=245760Kb used=21270Kb max_used=21349Kb free=224489Kb
 bounds [0x00000000034c0000, 0x00000000049b0000, 0x00000000124c0000]
 total_blobs=7444 nmethods=6599 adapters=756
 compilation: disabled (not enough contiguous free space left)

Compilation events (10 events):
Event: 12.619 Thread 0x000000001728b000 nmethod 7689 0x00000000049adfd0 code [0x00000000049ae140, 0x00000000049ae318]
Event: 12.621 Thread 0x000000001728b000 7691       2       com.sun.org.apache.xerces.internal.impl.dtd.XMLDTDDescription::<init> (35 bytes)
Event: 12.621 Thread 0x000000001728b000 nmethod 7691 0x00000000049ae410 code [0x00000000049ae560, 0x00000000049ae770]
Event: 12.622 Thread 0x000000001728b000 7692       2       java.util.ServiceLoader::reload (29 bytes)
Event: 12.622 Thread 0x000000001728b000 nmethod 7692 0x00000000049ae810 code [0x00000000049ae980, 0x00000000049aebf8]
Event: 12.622 Thread 0x000000001728b000 7693       2       java.util.ServiceLoader::iterator (9 bytes)
Event: 12.622 Thread 0x000000001728b000 nmethod 7693 0x00000000049aed10 code [0x00000000049aee80, 0x00000000049af128]
Event: 12.623 Thread 0x000000001728b000 7694       2       com.sun.org.apache.xerces.internal.util.XMLResourceIdentifierImpl::clear (26 bytes)
Event: 12.623 Thread 0x000000001728b000 nmethod 7694 0x00000000049af250 code [0x00000000049af3a0, 0x00000000049af550]
Event: 12.624 Thread 0x000000001728b000 7695       2       com.sun.org.apache.xerces.internal.impl.XMLDocumentFragmentScannerImpl::<init> (304 bytes)

GC Heap History (10 events):
Event: 9.086 GC heap before
{Heap before GC invocations=14 (full 2):
 PSYoungGen      total 160256K, used 63287K [0x00000000e0000000, 0x00000000eca80000, 0x0000000100000000)
  eden space 145920K, 33% used [0x00000000e0000000,0x00000000e2fd1030,0x00000000e8e80000)
  from space 14336K, 99% used [0x00000000e8e80000,0x00000000e9c7ced0,0x00000000e9c80000)
  to   space 18944K, 0% used [0x00000000eb800000,0x00000000eb800000,0x00000000eca80000)
 ParOldGen       total 89600K, used 28019K [0x00000000a0000000, 0x00000000a5780000, 0x00000000e0000000)
  object space 89600K, 31% used [0x00000000a0000000,0x00000000a1b5cf88,0x00000000a5780000)
 Metaspace       used 56971K, capacity 58992K, committed 59096K, reserved 1099776K
  class space    used 7794K, capacity 8249K, committed 8320K, reserved 1048576K
Event: 9.096 GC heap after
Heap after GC invocations=14 (full 2):
 PSYoungGen      total 188416K, used 3871K [0x00000000e0000000, 0x00000000ed680000, 0x0000000100000000)
  eden space 169472K, 0% used [0x00000000e0000000,0x00000000e0000000,0x00000000ea580000)
  from space 18944K, 20% used [0x00000000eb800000,0x00000000ebbc7e08,0x00000000eca80000)
  to   space 18944K, 0% used [0x00000000ea580000,0x00000000ea580000,0x00000000eb800000)
 ParOldGen       total 89600K, used 35021K [0x00000000a0000000, 0x00000000a5780000, 0x00000000e0000000)
  object space 89600K, 39% used [0x00000000a0000000,0x00000000a2233470,0x00000000a5780000)
 Metaspace       used 56971K, capacity 58992K, committed 59096K, reserved 1099776K
  class space    used 7794K, capacity 8249K, committed 8320K, reserved 1048576K
}
Event: 9.096 GC heap before
{Heap before GC invocations=15 (full 3):
 PSYoungGen      total 188416K, used 3871K [0x00000000e0000000, 0x00000000ed680000, 0x0000000100000000)
  eden space 169472K, 0% used [0x00000000e0000000,0x00000000e0000000,0x00000000ea580000)
  from space 18944K, 20% used [0x00000000eb800000,0x00000000ebbc7e08,0x00000000eca80000)
  to   space 18944K, 0% used [0x00000000ea580000,0x00000000ea580000,0x00000000eb800000)
 ParOldGen       total 89600K, used 35021K [0x00000000a0000000, 0x00000000a5780000, 0x00000000e0000000)
  object space 89600K, 39% used [0x00000000a0000000,0x00000000a2233470,0x00000000a5780000)
 Metaspace       used 56971K, capacity 58992K, committed 59096K, reserved 1099776K
  class space    used 7794K, capacity 8249K, committed 8320K, reserved 1048576K
Event: 9.334 GC heap after
Heap after GC invocations=15 (full 3):
 PSYoungGen      total 188416K, used 0K [0x00000000e0000000, 0x00000000ed680000, 0x0000000100000000)
  eden space 169472K, 0% used [0x00000000e0000000,0x00000000e0000000,0x00000000ea580000)
  from space 18944K, 0% used [0x00000000eb800000,0x00000000eb800000,0x00000000eca80000)
  to   space 18944K, 0% used [0x00000000ea580000,0x00000000ea580000,0x00000000eb800000)
 ParOldGen       total 137216K, used 32829K [0x00000000a0000000, 0x00000000a8600000, 0x00000000e0000000)
  object space 137216K, 23% used [0x00000000a0000000,0x00000000a200f488,0x00000000a8600000)
 Metaspace       used 56944K, capacity 58902K, committed 59096K, reserved 1099776K
  class space    used 7786K, capacity 8234K, committed 8320K, reserved 1048576K
}
Event: 11.685 GC heap before
{Heap before GC invocations=16 (full 3):
 PSYoungGen      total 188416K, used 169472K [0x00000000e0000000, 0x00000000ed680000, 0x0000000100000000)
  eden space 169472K, 100% used [0x00000000e0000000,0x00000000ea580000,0x00000000ea580000)
  from space 18944K, 0% used [0x00000000eb800000,0x00000000eb800000,0x00000000eca80000)
  to   space 18944K, 0% used [0x00000000ea580000,0x00000000ea580000,0x00000000eb800000)
 ParOldGen       total 137216K, used 32833K [0x00000000a0000000, 0x00000000a8600000, 0x00000000e0000000)
  object space 137216K, 23% used [0x00000000a0000000,0x00000000a20105f0,0x00000000a8600000)
 Metaspace       used 66562K, capacity 69196K, committed 69376K, reserved 1110016K
  class space    used 9091K, capacity 9629K, committed 9728K, reserved 1048576K
Event: 11.699 GC heap after
Heap after GC invocations=16 (full 3):
 PSYoungGen      total 188416K, used 17713K [0x00000000e0000000, 0x00000000ee880000, 0x0000000100000000)
  eden space 169472K, 0% used [0x00000000e0000000,0x00000000e0000000,0x00000000ea580000)
  from space 18944K, 93% used [0x00000000ea580000,0x00000000eb6cc520,0x00000000eb800000)
  to   space 20992K, 0% used [0x00000000ed400000,0x00000000ed400000,0x00000000ee880000)
 ParOldGen       total 137216K, used 32841K [0x00000000a0000000, 0x00000000a8600000, 0x00000000e0000000)
  object space 137216K, 23% used [0x00000000a0000000,0x00000000a20125f0,0x00000000a8600000)
 Metaspace       used 66562K, capacity 69196K, committed 69376K, reserved 1110016K
  class space    used 9091K, capacity 9629K, committed 9728K, reserved 1048576K
}
Event: 12.115 GC heap before
{Heap before GC invocations=17 (full 3):
 PSYoungGen      total 188416K, used 187185K [0x00000000e0000000, 0x00000000ee880000, 0x0000000100000000)
  eden space 169472K, 100% used [0x00000000e0000000,0x00000000ea580000,0x00000000ea580000)
  from space 18944K, 93% used [0x00000000ea580000,0x00000000eb6cc520,0x00000000eb800000)
  to   space 20992K, 0% used [0x00000000ed400000,0x00000000ed400000,0x00000000ee880000)
 ParOldGen       total 137216K, used 32844K [0x00000000a0000000, 0x00000000a8600000, 0x00000000e0000000)
  object space 137216K, 23% used [0x00000000a0000000,0x00000000a2013178,0x00000000a8600000)
 Metaspace       used 66851K, capacity 69490K, committed 69632K, reserved 1110016K
  class space    used 9097K, capacity 9662K, committed 9728K, reserved 1048576K
Event: 12.131 GC heap after
Heap after GC invocations=17 (full 3):
 PSYoungGen      total 216064K, used 15115K [0x00000000e0000000, 0x00000000ef200000, 0x0000000100000000)
  eden space 195072K, 0% used [0x00000000e0000000,0x00000000e0000000,0x00000000ebe80000)
  from space 20992K, 72% used [0x00000000ed400000,0x00000000ee2c2ea8,0x00000000ee880000)
  to   space 22016K, 0% used [0x00000000ebe80000,0x00000000ebe80000,0x00000000ed400000)
 ParOldGen       total 137216K, used 32852K [0x00000000a0000000, 0x00000000a8600000, 0x00000000e0000000)
  object space 137216K, 23% used [0x00000000a0000000,0x00000000a2015178,0x00000000a8600000)
 Metaspace       used 66851K, capacity 69490K, committed 69632K, reserved 1110016K
  class space    used 9097K, capacity 9662K, committed 9728K, reserved 1048576K
}
Event: 12.508 GC heap before
{Heap before GC invocations=18 (full 3):
 PSYoungGen      total 216064K, used 210187K [0x00000000e0000000, 0x00000000ef200000, 0x0000000100000000)
  eden space 195072K, 100% used [0x00000000e0000000,0x00000000ebe80000,0x00000000ebe80000)
  from space 20992K, 72% used [0x00000000ed400000,0x00000000ee2c2ea8,0x00000000ee880000)
  to   space 22016K, 0% used [0x00000000ebe80000,0x00000000ebe80000,0x00000000ed400000)
 ParOldGen       total 137216K, used 32852K [0x00000000a0000000, 0x00000000a8600000, 0x00000000e0000000)
  object space 137216K, 23% used [0x00000000a0000000,0x00000000a2015178,0x00000000a8600000)
 Metaspace       used 66947K, capacity 69560K, committed 69888K, reserved 1110016K
  class space    used 9098K, capacity 9663K, committed 9728K, reserved 1048576K
Event: 12.523 GC heap after
Heap after GC invocations=18 (full 3):
 PSYoungGen      total 217088K, used 14934K [0x00000000e0000000, 0x00000000ef200000, 0x0000000100000000)
  eden space 195072K, 0% used [0x00000000e0000000,0x00000000e0000000,0x00000000ebe80000)
  from space 22016K, 67% used [0x00000000ebe80000,0x00000000ecd159e0,0x00000000ed400000)
  to   space 20992K, 0% used [0x00000000ed400000,0x00000000ed400000,0x00000000ee880000)
 ParOldGen       total 137216K, used 32860K [0x00000000a0000000, 0x00000000a8600000, 0x00000000e0000000)
  object space 137216K, 23% used [0x00000000a0000000,0x00000000a2017178,0x00000000a8600000)
 Metaspace       used 66947K, capacity 69560K, committed 69888K, reserved 1110016K
  class space    used 9098K, capacity 9663K, committed 9728K, reserved 1048576K
}

Deoptimization events (10 events):
Event: 11.949 Thread 0x000000001dada800 Uncommon trap: reason=bimorphic action=maybe_recompile pc=0x00000000048b6e98 method=java.util.regex.Pattern$Begin.match(Ljava/util/regex/Matcher;ILjava/lang/CharSequence;)Z @ 30
Event: 12.133 Thread 0x000000001dadc000 Uncommon trap: reason=unstable_if action=reinterpret pc=0x0000000003d0ebf4 method=org.objectweb.asm.ClassReader.readUTF(II[C)Ljava/lang/String; @ 77
Event: 12.133 Thread 0x000000001dadc000 Uncommon trap: reason=unstable_if action=reinterpret pc=0x000000000467988c method=org.objectweb.asm.ByteVector.putUTF8(Ljava/lang/String;)Lorg/objectweb/asm/ByteVector; @ 91
Event: 12.136 Thread 0x000000001dadc000 Uncommon trap: reason=unstable_if action=reinterpret pc=0x000000000458c77c method=org.objectweb.asm.ClassReader.readUTF(II[C)Ljava/lang/String; @ 77
Event: 12.141 Thread 0x000000001dada800 Uncommon trap: reason=unstable_if action=reinterpret pc=0x00000000036175a8 method=java.io.BufferedOutputStream.write(I)V @ 9
Event: 12.159 Thread 0x000000001dadd800 Uncommon trap: reason=unstable_if action=reinterpret pc=0x0000000003e6a968 method=java.io.PushbackInputStream.read([BII)I @ 122
Event: 12.171 Thread 0x000000001dadd800 Uncommon trap: reason=unstable_if action=reinterpret pc=0x000000000363623c method=com.google.common.collect.MapMakerInternalMap$Segment.getEntry(Ljava/lang/Object;I)Lcom/google/common/collect/MapMakerInternalMap$InternalEntry; @ 40
Event: 12.300 Thread 0x000000001dae3800 Uncommon trap: reason=unstable_if action=reinterpret pc=0x000000000415651c method=java.util.LinkedHashMap.afterNodeInsertion(Z)V @ 18
Event: 12.477 Thread 0x000000001dadc000 Uncommon trap: reason=unstable_if action=reinterpret pc=0x00000000048ebc84 method=org.objectweb.asm.Type.getType([CI)Lorg/objectweb/asm/Type; @ 165
Event: 12.483 Thread 0x000000001dadc000 Uncommon trap: reason=unstable_if action=reinterpret pc=0x00000000048924c8 method=org.objectweb.asm.Type.getDimensions()I @ 15

Classes redefined (0 events):
No events

Internal exceptions (10 events):
Event: 12.369 Thread 0x000000001dadf000 Exception <a 'sun/nio/fs/WindowsException'> (0x00000000e7af5958) thrown at [D:\src\AOSP-openjdk-cygwin\jdk8u\hotspot\src\share\vm\prims\jni.cpp, line 710]
Event: 12.369 Thread 0x000000001dadf000 Exception <a 'sun/nio/fs/WindowsException'> (0x00000000e7af6768) thrown at [D:\src\AOSP-openjdk-cygwin\jdk8u\hotspot\src\share\vm\prims\jni.cpp, line 710]
Event: 12.470 Thread 0x000000001dadd800 Exception <a 'sun/nio/fs/WindowsException'> (0x00000000ead5f660) thrown at [D:\src\AOSP-openjdk-cygwin\jdk8u\hotspot\src\share\vm\prims\jni.cpp, line 710]
Event: 12.470 Thread 0x000000001dadd800 Exception <a 'sun/nio/fs/WindowsException'> (0x00000000ead60230) thrown at [D:\src\AOSP-openjdk-cygwin\jdk8u\hotspot\src\share\vm\prims\jni.cpp, line 710]
Event: 12.471 Thread 0x000000001dadd800 Exception <a 'sun/nio/fs/WindowsException'> (0x00000000ead61688) thrown at [D:\src\AOSP-openjdk-cygwin\jdk8u\hotspot\src\share\vm\prims\jni.cpp, line 710]
Event: 12.471 Thread 0x000000001dadd800 Exception <a 'sun/nio/fs/WindowsException'> (0x00000000ead62490) thrown at [D:\src\AOSP-openjdk-cygwin\jdk8u\hotspot\src\share\vm\prims\jni.cpp, line 710]
Event: 12.591 Thread 0x000000001dadf000 Exception <a 'sun/nio/fs/WindowsException'> (0x00000000e290b2f0) thrown at [D:\src\AOSP-openjdk-cygwin\jdk8u\hotspot\src\share\vm\prims\jni.cpp, line 710]
Event: 12.591 Thread 0x000000001dadf000 Exception <a 'sun/nio/fs/WindowsException'> (0x00000000e290bed0) thrown at [D:\src\AOSP-openjdk-cygwin\jdk8u\hotspot\src\share\vm\prims\jni.cpp, line 710]
Event: 12.591 Thread 0x000000001dadf000 Exception <a 'sun/nio/fs/WindowsException'> (0x00000000e290d328) thrown at [D:\src\AOSP-openjdk-cygwin\jdk8u\hotspot\src\share\vm\prims\jni.cpp, line 710]
Event: 12.592 Thread 0x000000001dadf000 Exception <a 'sun/nio/fs/WindowsException'> (0x00000000e290e138) thrown at [D:\src\AOSP-openjdk-cygwin\jdk8u\hotspot\src\share\vm\prims\jni.cpp, line 710]

Events (10 events):
Event: 12.581 loading class org/gradle/launcher/daemon/server/DaemonRegistryUnavailableExpirationStrategy$1
Event: 12.581 loading class org/gradle/launcher/daemon/server/DaemonRegistryUnavailableExpirationStrategy$1 done
Event: 12.582 loading class com/google/common/collect/Lists$TransformingSequentialList$1
Event: 12.582 loading class com/google/common/collect/Lists$TransformingSequentialList$1 done
Event: 12.582 loading class com/google/common/collect/TransformedListIterator
Event: 12.582 loading class com/google/common/collect/TransformedListIterator done
Event: 12.626 Thread 0x000000001728b000 flushing nmethod 0x0000000003600310
Event: 12.626 Thread 0x000000001728b000 flushing nmethod 0x0000000003604990
Event: 12.626 Thread 0x000000001728b000 flushing nmethod 0x0000000003651e90
Event: 12.626 Thread 0x000000001728b000 flushing nmethod 0x00000000036546d0


Dynamic libraries:
0x00007ff665870000 - 0x00007ff6658a1000 	C:\Program Files\Android\Android Studio\jre\bin\java.exe
0x00007ffbad120000 - 0x00007ffbad310000 	C:\WINDOWS\SYSTEM32\ntdll.dll
0x00007ffbac6c0000 - 0x00007ffbac772000 	C:\WINDOWS\System32\KERNEL32.DLL
0x00007ffbaa830000 - 0x00007ffbaaad3000 	C:\WINDOWS\System32\KERNELBASE.dll
0x00007ffbac990000 - 0x00007ffbaca33000 	C:\WINDOWS\System32\ADVAPI32.dll
0x00007ffbac8e0000 - 0x00007ffbac97e000 	C:\WINDOWS\System32\msvcrt.dll
0x00007ffbaca40000 - 0x00007ffbacad7000 	C:\WINDOWS\System32\sechost.dll
0x00007ffbab260000 - 0x00007ffbab380000 	C:\WINDOWS\System32\RPCRT4.dll
0x00007ffbabe30000 - 0x00007ffbabfc4000 	C:\WINDOWS\System32\USER32.dll
0x00007ffbab1a0000 - 0x00007ffbab1c1000 	C:\WINDOWS\System32\win32u.dll
0x00007ffbabb70000 - 0x00007ffbabb96000 	C:\WINDOWS\System32\GDI32.dll
0x00007ffbaaf20000 - 0x00007ffbab0b4000 	C:\WINDOWS\System32\gdi32full.dll
0x00007ffbaadd0000 - 0x00007ffbaae6e000 	C:\WINDOWS\System32\msvcp_win.dll
0x00007ffbaab00000 - 0x00007ffbaabfa000 	C:\WINDOWS\System32\ucrtbase.dll
0x00007ffb953a0000 - 0x00007ffb95625000 	C:\WINDOWS\WinSxS\amd64_microsoft.windows.common-controls_6595b64144ccf1df_6.0.18362.720_none_e6beb5c51314836b\COMCTL32.dll
0x00007ffbacb60000 - 0x00007ffbace96000 	C:\WINDOWS\System32\combase.dll
0x00007ffbaac00000 - 0x00007ffbaac80000 	C:\WINDOWS\System32\bcryptPrimitives.dll
0x00007ffbacf10000 - 0x00007ffbacf3e000 	C:\WINDOWS\System32\IMM32.DLL
0x0000000064ad0000 - 0x0000000064ba2000 	C:\Program Files\Android\Android Studio\jre\jre\bin\msvcr100.dll
0x0000000064c90000 - 0x00000000654d6000 	C:\Program Files\Android\Android Studio\jre\jre\bin\server\jvm.dll
0x00007ffbab250000 - 0x00007ffbab258000 	C:\WINDOWS\System32\PSAPI.DLL
0x00007ffba6130000 - 0x00007ffba6139000 	C:\WINDOWS\SYSTEM32\WSOCK32.dll
0x00007ffbacea0000 - 0x00007ffbacf0f000 	C:\WINDOWS\System32\WS2_32.dll
0x00007ffba4820000 - 0x00007ffba482a000 	C:\WINDOWS\SYSTEM32\VERSION.dll
0x00007ffba61e0000 - 0x00007ffba6204000 	C:\WINDOWS\SYSTEM32\WINMM.dll
0x00007ffba61b0000 - 0x00007ffba61dd000 	C:\WINDOWS\SYSTEM32\winmmbase.dll
0x00007ffbab150000 - 0x00007ffbab19a000 	C:\WINDOWS\System32\cfgmgr32.dll
0x00007ffba2e80000 - 0x00007ffba2e8f000 	C:\Program Files\Android\Android Studio\jre\jre\bin\verify.dll
0x00007ffb98340000 - 0x00007ffb98369000 	C:\Program Files\Android\Android Studio\jre\jre\bin\java.dll
0x00007ffba13f0000 - 0x00007ffba1406000 	C:\Program Files\Android\Android Studio\jre\jre\bin\zip.dll
0x00007ffbabfd0000 - 0x00007ffbac6b5000 	C:\WINDOWS\System32\SHELL32.dll
0x00007ffbaba60000 - 0x00007ffbabb09000 	C:\WINDOWS\System32\shcore.dll
0x00007ffbaa0b0000 - 0x00007ffbaa830000 	C:\WINDOWS\System32\windows.storage.dll
0x00007ffba9ff0000 - 0x00007ffbaa013000 	C:\WINDOWS\System32\profapi.dll
0x00007ffbaa060000 - 0x00007ffbaa0aa000 	C:\WINDOWS\System32\powrprof.dll
0x00007ffba9fe0000 - 0x00007ffba9ff0000 	C:\WINDOWS\System32\UMPDC.dll
0x00007ffbab380000 - 0x00007ffbab3d2000 	C:\WINDOWS\System32\shlwapi.dll
0x00007ffbaa040000 - 0x00007ffbaa051000 	C:\WINDOWS\System32\kernel.appcore.dll
0x00007ffbaaae0000 - 0x00007ffbaaaf7000 	C:\WINDOWS\System32\cryptsp.dll
0x00007ffb9d7a0000 - 0x00007ffb9d7ba000 	C:\Program Files\Android\Android Studio\jre\jre\bin\net.dll
0x00007ffba97a0000 - 0x00007ffba9807000 	C:\WINDOWS\system32\mswsock.dll
0x00007ffb98df0000 - 0x00007ffb98e01000 	C:\Program Files\Android\Android Studio\jre\jre\bin\nio.dll
0x00007ffb7d860000 - 0x00007ffb7d886000 	C:\Users\J\.gradle\native\29\windows-amd64\native-platform.dll
0x00007ffba2e60000 - 0x00007ffba2e6d000 	C:\Program Files\Android\Android Studio\jre\jre\bin\management.dll
0x00007ffba9320000 - 0x00007ffba9353000 	C:\WINDOWS\system32\rsaenh.dll
0x00007ffbab120000 - 0x00007ffbab146000 	C:\WINDOWS\System32\bcrypt.dll
0x00007ffba9f00000 - 0x00007ffba9f25000 	C:\WINDOWS\SYSTEM32\USERENV.dll
0x00007ffba9920000 - 0x00007ffba992c000 	C:\WINDOWS\SYSTEM32\CRYPTBASE.dll
0x00007ffba94c0000 - 0x00007ffba94fa000 	C:\WINDOWS\SYSTEM32\IPHLPAPI.DLL
0x00007ffbac980000 - 0x00007ffbac988000 	C:\WINDOWS\System32\NSI.dll
0x00007ffba1860000 - 0x00007ffba1876000 	C:\WINDOWS\SYSTEM32\dhcpcsvc6.DLL
0x00007ffba1760000 - 0x00007ffba177c000 	C:\WINDOWS\SYSTEM32\dhcpcsvc.DLL
0x00007ffba9500000 - 0x00007ffba95ca000 	C:\WINDOWS\SYSTEM32\DNSAPI.dll
0x00007ffb94240000 - 0x00007ffb94264000 	C:\Program Files\Android\Android Studio\jre\jre\bin\sunec.dll
0x00007ffba18d0000 - 0x00007ffba18da000 	C:\Windows\System32\rasadhlp.dll
0x00007ffba0540000 - 0x00007ffba05b7000 	C:\WINDOWS\System32\fwpuclnt.dll
0x00007ffb9e280000 - 0x00007ffb9e28b000 	C:\Program Files\Android\Android Studio\jre\jre\bin\sunmscapi.dll
0x00007ffbaac80000 - 0x00007ffbaadc9000 	C:\WINDOWS\System32\CRYPT32.dll
0x00007ffbaa020000 - 0x00007ffbaa032000 	C:\WINDOWS\System32\MSASN1.dll

VM Arguments:
jvm_args: -Xmx1536m -Dfile.encoding=x-windows-949 -Duser.country=KR -Duser.language=ko -Duser.variant 
java_command: org.gradle.launcher.daemon.bootstrap.GradleDaemon 5.4.1
java_class_path (initial): C:\Users\J\.gradle\wrapper\dists\gradle-5.4.1-all\3221gyojl5jsh0helicew7rwx\gradle-5.4.1\lib\gradle-launcher-5.4.1.jar
Launcher Type: SUN_STANDARD

Environment Variables:
JAVA_HOME=C:\Program Files\Java\jdk-13.0.1
PATH=C:\Users\J\Documents\apache-maven-3.6.2-bin\bin;C:\Program Files\Java\jdk-13.0.1;C:\Program Files\Java\jdk-13.0.1\bin;C:\Program Files (x86)\Intel\Intel(R) Management Engine Components\iCLS\;C:\Program Files\Intel\Intel(R) Management Engine Components\iCLS\;C:\WINDOWS\system32;C:\WINDOWS;C:\WINDOWS\System32\Wbem;C:\WINDOWS\System32\WindowsPowerShell\v1.0\;C:\WINDOWS\System32\OpenSSH\;C:\Program Files (x86)\Intel\Intel(R) Management Engine Components\DAL;C:\Program Files\Intel\Intel(R) Management Engine Components\DAL;C:\Program Files\PuTTY\;C:\Users\J\Downloads;C:\Program Files\Git\cmd;C:\Program Files\MySQL\MySQL Shell 8.0\bin\;C:\Users\J\AppData\Local\Microsoft\WindowsApps;C:\Users\J\AppData\Local\atom\bin;C:\Users\J\AppData\Local\GitHubDesktop\bin
USERNAME=J
OS=Windows_NT
PROCESSOR_IDENTIFIER=Intel64 Family 6 Model 142 Stepping 11, GenuineIntel



---------------  S Y S T E M  ---------------

OS: Windows 10.0 , 64 bit Build 18362 (10.0.18362.329)

CPU:total 8 (initial active 8) (4 cores per cpu, 2 threads per core) family 6 model 142 stepping 11, cmov, cx8, fxsr, mmx, sse, sse2, sse3, ssse3, sse4.1, sse4.2, popcnt, avx, avx2, aes, clmul, erms, 3dnowpref, lzcnt, ht, tsc, tscinvbit, bmi1, bmi2, adx

Memory: 4k page, physical 8177696k(1479192k free), swap 10117152k(4100k free)

vm_info: OpenJDK 64-Bit Server VM (25.202-b03) for windows-amd64 JRE (1.8.0_202-release-1483-b03), built by "builder" with MS VC++ 10.0 (VS2010)

time: Fri Apr 10 16:00:36 2020
timezone: 대한민국 표준시
elapsed time: 12 seconds (0d 0h 0m 12s)

