#
# There is insufficient memory for the Java Runtime Environment to continue.
# Native memory allocation (malloc) failed to allocate 427088 bytes for Chunk::new
# Possible reasons:
#   The system is out of physical RAM or swap space
#   The process is running with CompressedOops enabled, and the Java Heap may be blocking the growth of the native heap
# Possible solutions:
#   Reduce memory load on the system
#   Increase physical memory or swap space
#   Check if swap backing store is full
#   Decrease Java heap size (-Xmx/-Xms)
#   Decrease number of Java threads
#   Decrease Java thread stack sizes (-Xss)
#   Set larger code cache with -XX:ReservedCodeCacheSize=
#   JVM is running with Unscaled Compressed Oops mode in which the Java heap is
#     placed in the first 4GB address space. The Java Heap base address is the
#     maximum limit for the native heap growth. Please use -XX:HeapBaseMinAddress
#     to set the Java Heap base and to place the Java Heap above 4GB virtual address.
# This output file may be truncated or incomplete.
#
#  Out of Memory Error (allocation.cpp:389), pid=19556, tid=0x0000000000002594
#
# JRE version: OpenJDK Runtime Environment (8.0_202-b03) (build 1.8.0_202-release-1483-b03)
# Java VM: OpenJDK 64-Bit Server VM (25.202-b03 mixed mode windows-amd64 compressed oops)
# Failed to write core dump. Minidumps are not enabled by default on client versions of Windows
#

---------------  T H R E A D  ---------------

Current thread (0x0000000018f22800):  JavaThread "C2 CompilerThread2" daemon [_thread_in_native, id=9620, stack(0x0000000019970000,0x0000000019a70000)]

Stack: [0x0000000019970000,0x0000000019a70000]
[error occurred during error reporting (printing stack bounds), id 0xc0000005]

Native frames: (J=compiled Java code, j=interpreted, Vv=VM code, C=native code)


Current CompileTask:
C2:  82733 12357       4       org.gradle.internal.operations.DefaultBuildOperationExecutor::execute (27 bytes)


---------------  P R O C E S S  ---------------

Java Threads: ( => current thread )
  0x0000000020743800 JavaThread "Cache worker for Build Output Cleanup Cache (C:\Users\J\Downloads\DailyRecord\.gradle\buildOutputCleanup)" [_thread_blocked, id=8844, stack(0x0000000025650000,0x0000000025750000)]
  0x0000000020741800 JavaThread "Build operations Thread 8" [_thread_in_native, id=1888, stack(0x0000000023710000,0x0000000023810000)]
  0x000000002073f800 JavaThread "Build operations Thread 7" [_thread_blocked, id=8748, stack(0x0000000023610000,0x0000000023710000)]
  0x000000002073e800 JavaThread "Build operations Thread 6" [_thread_in_native, id=4748, stack(0x0000000023510000,0x0000000023610000)]
  0x0000000020742800 JavaThread "Build operations Thread 5" [_thread_in_native, id=18788, stack(0x0000000023410000,0x0000000023510000)]
  0x0000000020740000 JavaThread "Build operations Thread 4" [_thread_in_native, id=19400, stack(0x0000000023310000,0x0000000023410000)]
  0x000000002073e000 JavaThread "Build operations Thread 3" [_thread_in_native, id=14288, stack(0x0000000023210000,0x0000000023310000)]
  0x0000000020741000 JavaThread "Build operations Thread 2" [_thread_in_native, id=6612, stack(0x0000000023110000,0x0000000023210000)]
  0x0000000020736800 JavaThread "Build operations" [_thread_in_native, id=7068, stack(0x0000000023010000,0x0000000023110000)]
  0x000000002073d000 JavaThread "Cache worker for cache directory md-rule (C:\Users\J\.gradle\caches\5.4.1\md-rule)" [_thread_blocked, id=3580, stack(0x0000000022910000,0x0000000022a10000)]
  0x000000002073c800 JavaThread "Cache worker for cache directory md-supplier (C:\Users\J\.gradle\caches\5.4.1\md-supplier)" [_thread_blocked, id=6224, stack(0x00000000202b0000,0x00000000203b0000)]
  0x000000002073b800 JavaThread "Cache worker for file hash cache (C:\Users\J\Downloads\DailyRecord\.gradle\5.4.1\fileHashes)" [_thread_blocked, id=2548, stack(0x000000001ffb0000,0x00000000200b0000)]
  0x0000000020735800 JavaThread "Thread-38" [_thread_blocked, id=13236, stack(0x000000001fab0000,0x000000001fbb0000)]
  0x0000000020735000 JavaThread "Stdin handler" [_thread_blocked, id=6400, stack(0x000000001c340000,0x000000001c440000)]
  0x0000000020738800 JavaThread "Asynchronous log dispatcher for DefaultDaemonConnection: socket connection from /127.0.0.1:54867 to /127.0.0.1:54880" [_thread_blocked, id=12372, stack(0x0000000001420000,0x0000000001520000)]
  0x0000000020739800 JavaThread "Cancel handler" [_thread_blocked, id=7044, stack(0x0000000001320000,0x0000000001420000)]
  0x000000002073b000 JavaThread "Handler for socket connection from /127.0.0.1:54867 to /127.0.0.1:54880" [_thread_in_native, id=6392, stack(0x0000000001220000,0x0000000001320000)]
  0x000000001e805000 JavaThread "Memory manager" [_thread_blocked, id=16328, stack(0x0000000023ea0000,0x0000000023fa0000)]
  0x000000001e7fa800 JavaThread "Cache worker for execution history cache (C:\Users\J\.gradle\caches\5.4.1\executionHistory)" [_thread_blocked, id=12392, stack(0x0000000021380000,0x0000000021480000)]
  0x000000001aaec000 JavaThread "Cache worker for journal cache (C:\Users\J\.gradle\caches\journal-1)" [_thread_in_native, id=5496, stack(0x000000001c840000,0x000000001c940000)]
  0x000000001aaef000 JavaThread "File lock request listener" [_thread_in_native, id=16496, stack(0x000000001c740000,0x000000001c840000)]
  0x000000001a7df800 JavaThread "Cache worker for file hash cache (C:\Users\J\.gradle\caches\5.4.1\fileHashes)" [_thread_blocked, id=1168, stack(0x000000001c440000,0x000000001c540000)]
  0x000000001928b000 JavaThread "Daemon worker" [_thread_in_native, id=15160, stack(0x000000001c040000,0x000000001c140000)]
  0x000000001ad4d000 JavaThread "Daemon" [_thread_blocked, id=18368, stack(0x000000001bb40000,0x000000001bc40000)]
  0x000000001ad48000 JavaThread "Daemon periodic checks" [_thread_blocked, id=9928, stack(0x000000001ba40000,0x000000001bb40000)]
  0x000000001a2fa000 JavaThread "Incoming local TCP Connector on port 54867" [_thread_in_native, id=2092, stack(0x000000001b860000,0x000000001b960000)]
  0x000000001b142800 JavaThread "Daemon health stats" [_thread_blocked, id=7016, stack(0x000000001b540000,0x000000001b640000)]
  0x0000000019005000 JavaThread "Service Thread" daemon [_thread_blocked, id=17892, stack(0x0000000019b70000,0x0000000019c70000)]
  0x000000001712a800 JavaThread "C1 CompilerThread3" daemon [_thread_blocked, id=19512, stack(0x0000000019a70000,0x0000000019b70000)]
=>0x0000000018f22800 JavaThread "C2 CompilerThread2" daemon [_thread_in_native, id=9620, stack(0x0000000019970000,0x0000000019a70000)]
  0x0000000018f20000 JavaThread "C2 CompilerThread1" daemon [_thread_in_native, id=2260, stack(0x0000000019870000,0x0000000019970000)]
  0x0000000018f1d800 JavaThread "C2 CompilerThread0" daemon [_thread_in_native, id=19296, stack(0x0000000019770000,0x0000000019870000)]
  0x0000000018f1b000 JavaThread "Attach Listener" daemon [_thread_blocked, id=9192, stack(0x0000000019670000,0x0000000019770000)]
  0x0000000018f78000 JavaThread "Signal Dispatcher" daemon [_thread_blocked, id=20380, stack(0x0000000019570000,0x0000000019670000)]
  0x0000000018f01800 JavaThread "Finalizer" daemon [_thread_blocked, id=9396, stack(0x00000000193e0000,0x00000000194e0000)]
  0x0000000018f00800 JavaThread "Reference Handler" daemon [_thread_blocked, id=13416, stack(0x00000000192e0000,0x00000000193e0000)]
  0x0000000002dce800 JavaThread "main" [_thread_blocked, id=3464, stack(0x0000000002dd0000,0x0000000002ed0000)]

Other Threads:
  0x0000000017118000 VMThread [stack: 0x0000000018de0000,0x0000000018ee0000] [id=19712]
  0x0000000019005800 WatcherThread [stack: 0x0000000019c70000,0x0000000019d70000] [id=6704]

VM state:not at safepoint (normal execution)

VM Mutex/Monitor currently owned by a thread: None

heap address: 0x00000000a0000000, size: 1536 MB, Compressed Oops mode: 32-bit
Narrow klass base: 0x0000000000000000, Narrow klass shift: 3
Compressed class space size: 1073741824 Address: 0x0000000100000000

Heap:
 PSYoungGen      total 263168K, used 231033K [0x00000000e0000000, 0x00000000f2280000, 0x0000000100000000)
  eden space 243712K, 86% used [0x00000000e0000000,0x00000000ece9f0d0,0x00000000eee00000)
  from space 19456K, 99% used [0x00000000f0680000,0x00000000f197f568,0x00000000f1980000)
  to   space 25088K, 0% used [0x00000000eee00000,0x00000000eee00000,0x00000000f0680000)
 ParOldGen       total 137216K, used 41441K [0x00000000a0000000, 0x00000000a8600000, 0x00000000e0000000)
  object space 137216K, 30% used [0x00000000a0000000,0x00000000a2878610,0x00000000a8600000)
 Metaspace       used 74740K, capacity 78010K, committed 78336K, reserved 1118208K
  class space    used 9757K, capacity 10383K, committed 10496K, reserved 1048576K

Card table byte_map: [0x0000000012700000,0x0000000012a10000] byte_map_base: 0x0000000012200000

Marking Bits: (ParMarkBitMap*) 0x0000000065459f30
 Begin Bits: [0x0000000013410000, 0x0000000014c10000)
 End Bits:   [0x0000000014c10000, 0x0000000016410000)

Polling page: 0x00000000015b0000

CodeCache: size=245760Kb used=35325Kb max_used=35329Kb free=210434Kb
 bounds [0x0000000003340000, 0x00000000055f0000, 0x0000000012340000]
 total_blobs=11115 nmethods=10261 adapters=766
 compilation: enabled

Compilation events (10 events):
Event: 82.658 Thread 0x0000000018f1d800 nmethod 12371 0x0000000005505e90 code [0x0000000005505fc0, 0x0000000005506058]
Event: 82.660 Thread 0x0000000018f20000 nmethod 12368 0x00000000055e8ad0 code [0x00000000055e8d40, 0x00000000055e9980]
Event: 82.668 Thread 0x0000000018f1d800 12372   !   4       org.gradle.internal.operations.DefaultBuildOperationExecutor$1::execute (82 bytes)
Event: 82.672 Thread 0x0000000018f20000 12373       4       org.gradle.cache.internal.btree.BTreePersistentIndexedCache$DataBlock::setValue (45 bytes)
Event: 82.683 Thread 0x0000000018f20000 nmethod 12373 0x00000000055dd150 code [0x00000000055dd300, 0x00000000055dda78]
Event: 82.683 Thread 0x0000000018f20000 12374       4       org.gradle.internal.operations.DefaultBuildOperationExecutor::execute (111 bytes)
Event: 82.690 Thread 0x000000001712a800 12376       3       org.gradle.internal.fingerprint.classpath.impl.ClasspathFingerprintingStrategy::collectFingerprints (79 bytes)
Event: 82.692 Thread 0x000000001712a800 nmethod 12376 0x00000000055e67d0 code [0x00000000055e6a80, 0x00000000055e7e08]
Event: 82.726 Thread 0x000000001712a800 12379       3       org.gradle.internal.fingerprint.classpath.impl.ClasspathFingerprintingStrategy$NonJarFingerprintingStrategy$2::determineNonJarFingerprint (2 bytes)
Event: 82.726 Thread 0x000000001712a800 nmethod 12379 0x00000000055dfb90 code [0x00000000055dfce0, 0x00000000055dfe30]

GC Heap History (10 events):
Event: 10.997 GC heap before
{Heap before GC invocations=17 (full 3):
 PSYoungGen      total 189440K, used 183915K [0x00000000e0000000, 0x00000000ee800000, 0x0000000100000000)
  eden space 169984K, 100% used [0x00000000e0000000,0x00000000ea600000,0x00000000ea600000)
  from space 19456K, 71% used [0x00000000ea600000,0x00000000eb39adc0,0x00000000eb900000)
  to   space 19968K, 0% used [0x00000000ed480000,0x00000000ed480000,0x00000000ee800000)
 ParOldGen       total 137216K, used 32661K [0x00000000a0000000, 0x00000000a8600000, 0x00000000e0000000)
  object space 137216K, 23% used [0x00000000a0000000,0x00000000a1fe56c8,0x00000000a8600000)
 Metaspace       used 63501K, capacity 66184K, committed 66304K, reserved 1105920K
  class space    used 8653K, capacity 9205K, committed 9216K, reserved 1048576K
Event: 11.011 GC heap after
Heap after GC invocations=17 (full 3):
 PSYoungGen      total 213504K, used 9569K [0x00000000e0000000, 0x00000000ee500000, 0x0000000100000000)
  eden space 196608K, 0% used [0x00000000e0000000,0x00000000e0000000,0x00000000ec000000)
  from space 16896K, 56% used [0x00000000ed480000,0x00000000eddd84a0,0x00000000ee500000)
  to   space 18944K, 0% used [0x00000000ec000000,0x00000000ec000000,0x00000000ed280000)
 ParOldGen       total 137216K, used 32669K [0x00000000a0000000, 0x00000000a8600000, 0x00000000e0000000)
  object space 137216K, 23% used [0x00000000a0000000,0x00000000a1fe76c8,0x00000000a8600000)
 Metaspace       used 63501K, capacity 66184K, committed 66304K, reserved 1105920K
  class space    used 8653K, capacity 9205K, committed 9216K, reserved 1048576K
}
Event: 12.433 GC heap before
{Heap before GC invocations=18 (full 3):
 PSYoungGen      total 213504K, used 206177K [0x00000000e0000000, 0x00000000ee500000, 0x0000000100000000)
  eden space 196608K, 100% used [0x00000000e0000000,0x00000000ec000000,0x00000000ec000000)
  from space 16896K, 56% used [0x00000000ed480000,0x00000000eddd84a0,0x00000000ee500000)
  to   space 18944K, 0% used [0x00000000ec000000,0x00000000ec000000,0x00000000ed280000)
 ParOldGen       total 137216K, used 32669K [0x00000000a0000000, 0x00000000a8600000, 0x00000000e0000000)
  object space 137216K, 23% used [0x00000000a0000000,0x00000000a1fe76c8,0x00000000a8600000)
 Metaspace       used 63657K, capacity 66290K, committed 66304K, reserved 1105920K
  class space    used 8672K, capacity 9212K, committed 9216K, reserved 1048576K
Event: 12.446 GC heap after
Heap after GC invocations=18 (full 3):
 PSYoungGen      total 215552K, used 11663K [0x00000000e0000000, 0x00000000f0100000, 0x0000000100000000)
  eden space 196608K, 0% used [0x00000000e0000000,0x00000000e0000000,0x00000000ec000000)
  from space 18944K, 61% used [0x00000000ec000000,0x00000000ecb63de8,0x00000000ed280000)
  to   space 18944K, 0% used [0x00000000eee80000,0x00000000eee80000,0x00000000f0100000)
 ParOldGen       total 137216K, used 32677K [0x00000000a0000000, 0x00000000a8600000, 0x00000000e0000000)
  object space 137216K, 23% used [0x00000000a0000000,0x00000000a1fe96c8,0x00000000a8600000)
 Metaspace       used 63657K, capacity 66290K, committed 66304K, reserved 1105920K
  class space    used 8672K, capacity 9212K, committed 9216K, reserved 1048576K
}
Event: 12.912 GC heap before
{Heap before GC invocations=19 (full 3):
 PSYoungGen      total 215552K, used 208271K [0x00000000e0000000, 0x00000000f0100000, 0x0000000100000000)
  eden space 196608K, 100% used [0x00000000e0000000,0x00000000ec000000,0x00000000ec000000)
  from space 18944K, 61% used [0x00000000ec000000,0x00000000ecb63de8,0x00000000ed280000)
  to   space 18944K, 0% used [0x00000000eee80000,0x00000000eee80000,0x00000000f0100000)
 ParOldGen       total 137216K, used 32677K [0x00000000a0000000, 0x00000000a8600000, 0x00000000e0000000)
  object space 137216K, 23% used [0x00000000a0000000,0x00000000a1fe96c8,0x00000000a8600000)
 Metaspace       used 63744K, capacity 66358K, committed 66560K, reserved 1105920K
  class space    used 8672K, capacity 9212K, committed 9216K, reserved 1048576K
Event: 12.925 GC heap after
Heap after GC invocations=19 (full 3):
 PSYoungGen      total 244736K, used 11199K [0x00000000e0000000, 0x00000000f0580000, 0x0000000100000000)
  eden space 225792K, 0% used [0x00000000e0000000,0x00000000e0000000,0x00000000edc80000)
  from space 18944K, 59% used [0x00000000eee80000,0x00000000ef96fce0,0x00000000f0100000)
  to   space 18432K, 0% used [0x00000000edc80000,0x00000000edc80000,0x00000000eee80000)
 ParOldGen       total 137216K, used 32685K [0x00000000a0000000, 0x00000000a8600000, 0x00000000e0000000)
  object space 137216K, 23% used [0x00000000a0000000,0x00000000a1feb6c8,0x00000000a8600000)
 Metaspace       used 63744K, capacity 66358K, committed 66560K, reserved 1105920K
  class space    used 8672K, capacity 9212K, committed 9216K, reserved 1048576K
}
Event: 15.636 GC heap before
{Heap before GC invocations=20 (full 3):
 PSYoungGen      total 244736K, used 236991K [0x00000000e0000000, 0x00000000f0580000, 0x0000000100000000)
  eden space 225792K, 100% used [0x00000000e0000000,0x00000000edc80000,0x00000000edc80000)
  from space 18944K, 59% used [0x00000000eee80000,0x00000000ef96fce0,0x00000000f0100000)
  to   space 18432K, 0% used [0x00000000edc80000,0x00000000edc80000,0x00000000eee80000)
 ParOldGen       total 137216K, used 32685K [0x00000000a0000000, 0x00000000a8600000, 0x00000000e0000000)
  object space 137216K, 23% used [0x00000000a0000000,0x00000000a1feb6c8,0x00000000a8600000)
 Metaspace       used 64553K, capacity 67196K, committed 67456K, reserved 1107968K
  class space    used 8721K, capacity 9247K, committed 9344K, reserved 1048576K
Event: 15.652 GC heap after
Heap after GC invocations=20 (full 3):
 PSYoungGen      total 244224K, used 14895K [0x00000000e0000000, 0x00000000f1980000, 0x0000000100000000)
  eden space 225792K, 0% used [0x00000000e0000000,0x00000000e0000000,0x00000000edc80000)
  from space 18432K, 80% used [0x00000000edc80000,0x00000000eeb0bf08,0x00000000eee80000)
  to   space 19456K, 0% used [0x00000000f0680000,0x00000000f0680000,0x00000000f1980000)
 ParOldGen       total 137216K, used 32693K [0x00000000a0000000, 0x00000000a8600000, 0x00000000e0000000)
  object space 137216K, 23% used [0x00000000a0000000,0x00000000a1fed6c8,0x00000000a8600000)
 Metaspace       used 64553K, capacity 67196K, committed 67456K, reserved 1107968K
  class space    used 8721K, capacity 9247K, committed 9344K, reserved 1048576K
}
Event: 19.969 GC heap before
{Heap before GC invocations=21 (full 3):
 PSYoungGen      total 244224K, used 240687K [0x00000000e0000000, 0x00000000f1980000, 0x0000000100000000)
  eden space 225792K, 100% used [0x00000000e0000000,0x00000000edc80000,0x00000000edc80000)
  from space 18432K, 80% used [0x00000000edc80000,0x00000000eeb0bf08,0x00000000eee80000)
  to   space 19456K, 0% used [0x00000000f0680000,0x00000000f0680000,0x00000000f1980000)
 ParOldGen       total 137216K, used 32693K [0x00000000a0000000, 0x00000000a8600000, 0x00000000e0000000)
  object space 137216K, 23% used [0x00000000a0000000,0x00000000a1fed6c8,0x00000000a8600000)
 Metaspace       used 69683K, capacity 72736K, committed 72960K, reserved 1112064K
  class space    used 9360K, capacity 9955K, committed 9984K, reserved 1048576K
Event: 20.006 GC heap after
Heap after GC invocations=21 (full 3):
 PSYoungGen      total 263168K, used 19453K [0x00000000e0000000, 0x00000000f2280000, 0x0000000100000000)
  eden space 243712K, 0% used [0x00000000e0000000,0x00000000e0000000,0x00000000eee00000)
  from space 19456K, 99% used [0x00000000f0680000,0x00000000f197f568,0x00000000f1980000)
  to   space 25088K, 0% used [0x00000000eee00000,0x00000000eee00000,0x00000000f0680000)
 ParOldGen       total 137216K, used 41441K [0x00000000a0000000, 0x00000000a8600000, 0x00000000e0000000)
  object space 137216K, 30% used [0x00000000a0000000,0x00000000a2878610,0x00000000a8600000)
 Metaspace       used 69683K, capacity 72736K, committed 72960K, reserved 1112064K
  class space    used 9360K, capacity 9955K, committed 9984K, reserved 1048576K
}

Deoptimization events (10 events):
Event: 80.774 Thread 0x000000001928b000 Uncommon trap: reason=bimorphic action=maybe_recompile pc=0x0000000004b31fbc method=com.google.common.cache.LocalCache$Segment.storeLoadedValue(Ljava/lang/Object;ILcom/google/common/cache/LocalCache$LoadingValueReference;Ljava/lang/Object;)Z @ 91
Event: 80.863 Thread 0x000000001928b000 Uncommon trap: reason=unstable_if action=reinterpret pc=0x00000000053d5f40 method=org.gradle.internal.component.external.model.DefaultModuleComponentIdentifier.equals(Ljava/lang/Object;)Z @ 40
Event: 80.867 Thread 0x000000002073f800 Uncommon trap: reason=unstable_if action=reinterpret pc=0x00000000044421d4 method=java.util.concurrent.ConcurrentHashMap.putVal(Ljava/lang/Object;Ljava/lang/Object;Z)Ljava/lang/Object; @ 113
Event: 81.005 Thread 0x000000001928b000 Uncommon trap: reason=unstable_if action=reinterpret pc=0x0000000005017d20 method=kotlin.jvm.internal.Intrinsics.areEqual(Ljava/lang/Object;Ljava/lang/Object;)Z @ 5
Event: 81.050 Thread 0x000000001928b000 Uncommon trap: reason=bimorphic action=maybe_recompile pc=0x0000000003c065f4 method=java.util.HashMap.removeNode(ILjava/lang/Object;Ljava/lang/Object;ZZ)Ljava/util/HashMap$Node; @ 68
Event: 81.240 Thread 0x000000001928b000 Uncommon trap: reason=speculate_class_check action=maybe_recompile pc=0x0000000005365a78 method=com.google.common.collect.AbstractIndexedListIterator.next()Ljava/lang/Object; @ 27
Event: 81.240 Thread 0x000000001928b000 Uncommon trap: reason=speculate_class_check action=maybe_recompile pc=0x0000000005365a78 method=com.google.common.collect.AbstractIndexedListIterator.next()Ljava/lang/Object; @ 27
Event: 81.241 Thread 0x000000001928b000 Uncommon trap: reason=speculate_class_check action=maybe_recompile pc=0x0000000005365a78 method=com.google.common.collect.AbstractIndexedListIterator.next()Ljava/lang/Object; @ 27
Event: 81.241 Thread 0x000000001928b000 Uncommon trap: reason=speculate_class_check action=maybe_recompile pc=0x0000000005365a78 method=com.google.common.collect.AbstractIndexedListIterator.next()Ljava/lang/Object; @ 27
Event: 82.225 Thread 0x000000002073e000 Uncommon trap: reason=unstable_if action=reinterpret pc=0x0000000004cdb128 method=java.util.concurrent.locks.AbstractQueuedSynchronizer.hasQueuedPredecessors()Z @ 21

Classes redefined (0 events):
No events

Internal exceptions (10 events):
Event: 80.745 Thread 0x000000001928b000 Exception <a 'java/lang/ClassNotFoundException': sync_ng_build_script_classpath_cl9i2isrbu2l8md3527mrs4scCustomizer> (0x00000000e6ff6740) thrown at [D:\src\AOSP-openjdk-cygwin\jdk8u\hotspot\src\share\vm\classfile\systemDictionary.cpp, line 210]
Event: 80.764 Thread 0x000000001928b000 Exception <a 'java/lang/ClassNotFoundException': KaptModelBuilderPluginBeanInfo> (0x00000000e70c5cf0) thrown at [D:\src\AOSP-openjdk-cygwin\jdk8u\hotspot\src\share\vm\classfile\systemDictionary.cpp, line 210]
Event: 80.765 Thread 0x000000001928b000 Exception <a 'java/lang/ClassNotFoundException': KaptModelBuilderPluginCustomizer> (0x00000000e70d0a00) thrown at [D:\src\AOSP-openjdk-cygwin\jdk8u\hotspot\src\share\vm\classfile\systemDictionary.cpp, line 210]
Event: 80.769 Thread 0x000000001928b000 Exception <a 'java/lang/ClassNotFoundException': KaptModelBuilderBeanInfo> (0x00000000e71054a8) thrown at [D:\src\AOSP-openjdk-cygwin\jdk8u\hotspot\src\share\vm\classfile\systemDictionary.cpp, line 210]
Event: 80.770 Thread 0x000000001928b000 Exception <a 'java/lang/ClassNotFoundException': KaptModelBuilderCustomizer> (0x00000000e710ff08) thrown at [D:\src\AOSP-openjdk-cygwin\jdk8u\hotspot\src\share\vm\classfile\systemDictionary.cpp, line 210]
Event: 80.778 Thread 0x000000001928b000 Exception <a 'java/lang/ClassNotFoundException': BuildScriptClasspathModelBuilderPluginBeanInfo> (0x00000000e7156198) thrown at [D:\src\AOSP-openjdk-cygwin\jdk8u\hotspot\src\share\vm\classfile\systemDictionary.cpp, line 210]
Event: 80.778 Thread 0x000000001928b000 Exception <a 'java/lang/ClassNotFoundException': BuildScriptClasspathModelBuilderPluginCustomizer> (0x00000000e7161480) thrown at [D:\src\AOSP-openjdk-cygwin\jdk8u\hotspot\src\share\vm\classfile\systemDictionary.cpp, line 210]
Event: 80.783 Thread 0x000000001928b000 Exception <a 'java/lang/ClassNotFoundException': BuildScriptClasspathModelBuilderBeanInfo> (0x00000000e7199670) thrown at [D:\src\AOSP-openjdk-cygwin\jdk8u\hotspot\src\share\vm\classfile\systemDictionary.cpp, line 210]
Event: 80.784 Thread 0x000000001928b000 Exception <a 'java/lang/ClassNotFoundException': BuildScriptClasspathModelBuilderCustomizer> (0x00000000e71a4720) thrown at [D:\src\AOSP-openjdk-cygwin\jdk8u\hotspot\src\share\vm\classfile\systemDictionary.cpp, line 210]
Event: 82.225 Thread 0x000000002073e000 Implicit null exception at 0x0000000004cda48d to 0x0000000004cdb105

Events (10 events):
Event: 81.554 Executing VM operation: RevokeBias done
Event: 81.557 Executing VM operation: RevokeBias
Event: 81.558 Executing VM operation: RevokeBias done
Event: 81.558 Executing VM operation: RevokeBias
Event: 81.558 Executing VM operation: RevokeBias done
Event: 81.859 loading class java/util/ArrayDeque$1
Event: 81.859 loading class java/util/ArrayDeque$1 done
Event: 82.225 Thread 0x000000002073e000 Uncommon trap: trap_request=0xffffff65 fr.pc=0x0000000004cdb128
Event: 82.225 Thread 0x000000002073e000 DEOPT PACKING pc=0x0000000004cdb128 sp=0x000000002330e060
Event: 82.225 Thread 0x000000002073e000 DEOPT UNPACKING pc=0x000000000338557b sp=0x000000002330de88 mode 2


Dynamic libraries:
0x00007ff665870000 - 0x00007ff6658a1000 	C:\Program Files\Android\Android Studio\jre\bin\java.exe
0x00007ffbad120000 - 0x00007ffbad310000 	C:\WINDOWS\SYSTEM32\ntdll.dll
0x00007ffbac6c0000 - 0x00007ffbac772000 	C:\WINDOWS\System32\KERNEL32.DLL
0x00007ffbaa830000 - 0x00007ffbaaad3000 	C:\WINDOWS\System32\KERNELBASE.dll
0x00007ffbac990000 - 0x00007ffbaca33000 	C:\WINDOWS\System32\ADVAPI32.dll
0x00007ffbac8e0000 - 0x00007ffbac97e000 	C:\WINDOWS\System32\msvcrt.dll
0x00007ffbaca40000 - 0x00007ffbacad7000 	C:\WINDOWS\System32\sechost.dll
0x00007ffbab260000 - 0x00007ffbab380000 	C:\WINDOWS\System32\RPCRT4.dll
0x00007ffbabe30000 - 0x00007ffbabfc4000 	C:\WINDOWS\System32\USER32.dll
0x00007ffbab1a0000 - 0x00007ffbab1c1000 	C:\WINDOWS\System32\win32u.dll
0x00007ffbabb70000 - 0x00007ffbabb96000 	C:\WINDOWS\System32\GDI32.dll
0x00007ffbaaf20000 - 0x00007ffbab0b4000 	C:\WINDOWS\System32\gdi32full.dll
0x00007ffbaadd0000 - 0x00007ffbaae6e000 	C:\WINDOWS\System32\msvcp_win.dll
0x00007ffbaab00000 - 0x00007ffbaabfa000 	C:\WINDOWS\System32\ucrtbase.dll
0x00007ffb953a0000 - 0x00007ffb95625000 	C:\WINDOWS\WinSxS\amd64_microsoft.windows.common-controls_6595b64144ccf1df_6.0.18362.720_none_e6beb5c51314836b\COMCTL32.dll
0x00007ffbacb60000 - 0x00007ffbace96000 	C:\WINDOWS\System32\combase.dll
0x00007ffbaac00000 - 0x00007ffbaac80000 	C:\WINDOWS\System32\bcryptPrimitives.dll
0x00007ffbacf10000 - 0x00007ffbacf3e000 	C:\WINDOWS\System32\IMM32.DLL
0x0000000064ad0000 - 0x0000000064ba2000 	C:\Program Files\Android\Android Studio\jre\jre\bin\msvcr100.dll
0x0000000064c90000 - 0x00000000654d6000 	C:\Program Files\Android\Android Studio\jre\jre\bin\server\jvm.dll
0x00007ffbab250000 - 0x00007ffbab258000 	C:\WINDOWS\System32\PSAPI.DLL
0x00007ffba6130000 - 0x00007ffba6139000 	C:\WINDOWS\SYSTEM32\WSOCK32.dll
0x00007ffba4820000 - 0x00007ffba482a000 	C:\WINDOWS\SYSTEM32\VERSION.dll
0x00007ffba61e0000 - 0x00007ffba6204000 	C:\WINDOWS\SYSTEM32\WINMM.dll
0x00007ffbacea0000 - 0x00007ffbacf0f000 	C:\WINDOWS\System32\WS2_32.dll
0x00007ffba61b0000 - 0x00007ffba61dd000 	C:\WINDOWS\SYSTEM32\winmmbase.dll
0x00007ffbab150000 - 0x00007ffbab19a000 	C:\WINDOWS\System32\cfgmgr32.dll
0x00007ffba2e80000 - 0x00007ffba2e8f000 	C:\Program Files\Android\Android Studio\jre\jre\bin\verify.dll
0x00007ffb98340000 - 0x00007ffb98369000 	C:\Program Files\Android\Android Studio\jre\jre\bin\java.dll
0x00007ffba13f0000 - 0x00007ffba1406000 	C:\Program Files\Android\Android Studio\jre\jre\bin\zip.dll
0x00007ffbabfd0000 - 0x00007ffbac6b5000 	C:\WINDOWS\System32\SHELL32.dll
0x00007ffbaba60000 - 0x00007ffbabb09000 	C:\WINDOWS\System32\shcore.dll
0x00007ffbaa0b0000 - 0x00007ffbaa830000 	C:\WINDOWS\System32\windows.storage.dll
0x00007ffba9ff0000 - 0x00007ffbaa013000 	C:\WINDOWS\System32\profapi.dll
0x00007ffbaa060000 - 0x00007ffbaa0aa000 	C:\WINDOWS\System32\powrprof.dll
0x00007ffba9fe0000 - 0x00007ffba9ff0000 	C:\WINDOWS\System32\UMPDC.dll
0x00007ffbab380000 - 0x00007ffbab3d2000 	C:\WINDOWS\System32\shlwapi.dll
0x00007ffbaa040000 - 0x00007ffbaa051000 	C:\WINDOWS\System32\kernel.appcore.dll
0x00007ffbaaae0000 - 0x00007ffbaaaf7000 	C:\WINDOWS\System32\cryptsp.dll
0x00007ffb9d7a0000 - 0x00007ffb9d7ba000 	C:\Program Files\Android\Android Studio\jre\jre\bin\net.dll
0x00007ffba97a0000 - 0x00007ffba9807000 	C:\WINDOWS\system32\mswsock.dll
0x00007ffb98df0000 - 0x00007ffb98e01000 	C:\Program Files\Android\Android Studio\jre\jre\bin\nio.dll
0x00007ffb7d860000 - 0x00007ffb7d886000 	C:\Users\J\.gradle\native\29\windows-amd64\native-platform.dll
0x00007ffba2e60000 - 0x00007ffba2e6d000 	C:\Program Files\Android\Android Studio\jre\jre\bin\management.dll
0x00007ffba9320000 - 0x00007ffba9353000 	C:\WINDOWS\system32\rsaenh.dll
0x00007ffbab120000 - 0x00007ffbab146000 	C:\WINDOWS\System32\bcrypt.dll
0x00007ffba9f00000 - 0x00007ffba9f25000 	C:\WINDOWS\SYSTEM32\USERENV.dll
0x00007ffba9920000 - 0x00007ffba992c000 	C:\WINDOWS\SYSTEM32\CRYPTBASE.dll
0x00007ffba94c0000 - 0x00007ffba94fa000 	C:\WINDOWS\SYSTEM32\IPHLPAPI.DLL
0x00007ffbac980000 - 0x00007ffbac988000 	C:\WINDOWS\System32\NSI.dll
0x00007ffba1860000 - 0x00007ffba1876000 	C:\WINDOWS\SYSTEM32\dhcpcsvc6.DLL
0x00007ffba1760000 - 0x00007ffba177c000 	C:\WINDOWS\SYSTEM32\dhcpcsvc.DLL
0x00007ffba9500000 - 0x00007ffba95ca000 	C:\WINDOWS\SYSTEM32\DNSAPI.dll
0x00007ffb94240000 - 0x00007ffb94264000 	C:\Program Files\Android\Android Studio\jre\jre\bin\sunec.dll
0x00007ffba18d0000 - 0x00007ffba18da000 	C:\Windows\System32\rasadhlp.dll
0x00007ffba0540000 - 0x00007ffba05b7000 	C:\WINDOWS\System32\fwpuclnt.dll
0x00007ffb9e280000 - 0x00007ffb9e28b000 	C:\Program Files\Android\Android Studio\jre\jre\bin\sunmscapi.dll
0x00007ffbaac80000 - 0x00007ffbaadc9000 	C:\WINDOWS\System32\CRYPT32.dll
0x00007ffbaa020000 - 0x00007ffbaa032000 	C:\WINDOWS\System32\MSASN1.dll

VM Arguments:
jvm_args: -Xmx1536m -Dfile.encoding=x-windows-949 -Duser.country=KR -Duser.language=ko -Duser.variant 
java_command: org.gradle.launcher.daemon.bootstrap.GradleDaemon 5.4.1
java_class_path (initial): C:\Users\J\.gradle\wrapper\dists\gradle-5.4.1-all\3221gyojl5jsh0helicew7rwx\gradle-5.4.1\lib\gradle-launcher-5.4.1.jar
Launcher Type: SUN_STANDARD

Environment Variables:
JAVA_HOME=C:\Program Files\Java\jdk-13.0.1
PATH=C:\Users\J\Documents\apache-maven-3.6.2-bin\bin;C:\Program Files\Java\jdk-13.0.1;C:\Program Files\Java\jdk-13.0.1\bin;C:\Program Files (x86)\Intel\Intel(R) Management Engine Components\iCLS\;C:\Program Files\Intel\Intel(R) Management Engine Components\iCLS\;C:\WINDOWS\system32;C:\WINDOWS;C:\WINDOWS\System32\Wbem;C:\WINDOWS\System32\WindowsPowerShell\v1.0\;C:\WINDOWS\System32\OpenSSH\;C:\Program Files (x86)\Intel\Intel(R) Management Engine Components\DAL;C:\Program Files\Intel\Intel(R) Management Engine Components\DAL;C:\Program Files\PuTTY\;C:\Users\J\Downloads;C:\Program Files\Git\cmd;C:\Program Files\MySQL\MySQL Shell 8.0\bin\;C:\Users\J\AppData\Local\Microsoft\WindowsApps;C:\Users\J\AppData\Local\atom\bin;C:\Users\J\AppData\Local\GitHubDesktop\bin
USERNAME=J
OS=Windows_NT
PROCESSOR_IDENTIFIER=Intel64 Family 6 Model 142 Stepping 11, GenuineIntel



---------------  S Y S T E M  ---------------

OS: Windows 10.0 , 64 bit Build 18362 (10.0.18362.329)

CPU:total 8 (initial active 8) (4 cores per cpu, 2 threads per core) family 6 model 142 stepping 11, cmov, cx8, fxsr, mmx, sse, sse2, sse3, ssse3, sse4.1, sse4.2, popcnt, avx, avx2, aes, clmul, erms, 3dnowpref, lzcnt, ht, tsc, tscinvbit, bmi1, bmi2, adx

Memory: 4k page, physical 8177696k(1376976k free), swap 10117152k(6348k free)

vm_info: OpenJDK 64-Bit Server VM (25.202-b03) for windows-amd64 JRE (1.8.0_202-release-1483-b03), built by "builder" with MS VC++ 10.0 (VS2010)

time: Fri Apr 10 16:03:51 2020
timezone: 대한민국 표준시
elapsed time: 82 seconds (0d 0h 1m 22s)

