#
# There is insufficient memory for the Java Runtime Environment to continue.
# Native memory allocation (malloc) failed to allocate 1048576 bytes for AllocateHeap
# Possible reasons:
#   The system is out of physical RAM or swap space
#   The process is running with CompressedOops enabled, and the Java Heap may be blocking the growth of the native heap
# Possible solutions:
#   Reduce memory load on the system
#   Increase physical memory or swap space
#   Check if swap backing store is full
#   Decrease Java heap size (-Xmx/-Xms)
#   Decrease number of Java threads
#   Decrease Java thread stack sizes (-Xss)
#   Set larger code cache with -XX:ReservedCodeCacheSize=
#   JVM is running with Unscaled Compressed Oops mode in which the Java heap is
#     placed in the first 4GB address space. The Java Heap base address is the
#     maximum limit for the native heap growth. Please use -XX:HeapBaseMinAddress
#     to set the Java Heap base and to place the Java Heap above 4GB virtual address.
# This output file may be truncated or incomplete.
#
#  Out of Memory Error (memory/allocation.inline.hpp:61), pid=1104, tid=0x000000000000412c
#
# JRE version:  (8.0_202-b03) (build )
# Java VM: OpenJDK 64-Bit Server VM (25.202-b03 mixed mode windows-amd64 compressed oops)
# Failed to write core dump. Minidumps are not enabled by default on client versions of Windows
#

---------------  T H R E A D  ---------------

Current thread (0x0000000002cc2800):  JavaThread "Unknown thread" [_thread_in_vm, id=16684, stack(0x0000000001070000,0x0000000001170000)]

Stack: [0x0000000001070000,0x0000000001170000]
[error occurred during error reporting (printing stack bounds), id 0xc0000005]

Native frames: (J=compiled Java code, j=interpreted, Vv=VM code, C=native code)


---------------  P R O C E S S  ---------------

Java Threads: ( => current thread )

Other Threads:

=>0x0000000002cc2800 (exited) JavaThread "Unknown thread" [_thread_in_vm, id=16684, stack(0x0000000001070000,0x0000000001170000)]

VM state:not at safepoint (normal execution)

VM Mutex/Monitor currently owned by a thread: None

heap address: 0x0000000083200000, size: 1998 MB, Compressed Oops mode: 32-bit
Narrow klass base: 0x0000000000000000, Narrow klass shift: 3
Compressed class space size: 1073741824 Address: 0x0000000100000000

Heap:
 PSYoungGen      total 37888K, used 655K [0x00000000d6600000, 0x00000000d9000000, 0x0000000100000000)
  eden space 32768K, 2% used [0x00000000d6600000,0x00000000d66a3d80,0x00000000d8600000)
  from space 5120K, 0% used [0x00000000d8b00000,0x00000000d8b00000,0x00000000d9000000)
  to   space 5120K, 0% used [0x00000000d8600000,0x00000000d8600000,0x00000000d8b00000)
 ParOldGen       total 86016K, used 0K [0x0000000083200000, 0x0000000088600000, 0x00000000d6600000)
  object space 86016K, 0% used [0x0000000083200000,0x0000000083200000,0x0000000088600000)
 Metaspace       used 778K, capacity 4480K, committed 4480K, reserved 1056768K
  class space    used 74K, capacity 384K, committed 384K, reserved 1048576K

Card table byte_map: [0x0000000012180000,0x0000000012570000] byte_map_base: 0x0000000011d67000

Marking Bits: (ParMarkBitMap*) 0x000000006f969f30
 Begin Bits: [0x0000000013010000, 0x0000000014f48000)
 End Bits:   [0x0000000014f48000, 0x0000000016e80000)

Polling page: 0x0000000001170000

CodeCache: size=245760Kb used=328Kb max_used=328Kb free=245431Kb
 bounds [0x0000000002dc0000, 0x0000000003030000, 0x0000000011dc0000]
 total_blobs=57 nmethods=0 adapters=38
 compilation: enabled

Compilation events (0 events):
No events

GC Heap History (0 events):
No events

Deoptimization events (0 events):
No events

Classes redefined (0 events):
No events

Internal exceptions (0 events):
No events

Events (10 events):
Event: 0.060 loading class java/lang/Short
Event: 0.060 loading class java/lang/Short done
Event: 0.060 loading class java/lang/Integer
Event: 0.061 loading class java/lang/Integer done
Event: 0.061 loading class java/lang/Long
Event: 0.061 loading class java/lang/Long done
Event: 0.062 loading class java/lang/NullPointerException
Event: 0.062 loading class java/lang/NullPointerException done
Event: 0.062 loading class java/lang/ArithmeticException
Event: 0.062 loading class java/lang/ArithmeticException done


Dynamic libraries:
0x00007ff6cf260000 - 0x00007ff6cf291000 	C:\Program Files\Android\Android Studio\jre\jre\bin\java.exe
0x00007ffe743a0000 - 0x00007ffe74590000 	C:\WINDOWS\SYSTEM32\ntdll.dll
0x00007ffe73dd0000 - 0x00007ffe73e82000 	C:\WINDOWS\System32\KERNEL32.DLL
0x00007ffe71e30000 - 0x00007ffe720d3000 	C:\WINDOWS\System32\KERNELBASE.dll
0x00007ffe72830000 - 0x00007ffe728d3000 	C:\WINDOWS\System32\ADVAPI32.dll
0x00007ffe73d30000 - 0x00007ffe73dce000 	C:\WINDOWS\System32\msvcrt.dll
0x00007ffe73920000 - 0x00007ffe739b7000 	C:\WINDOWS\System32\sechost.dll
0x00007ffe74060000 - 0x00007ffe74180000 	C:\WINDOWS\System32\RPCRT4.dll
0x00007ffe73780000 - 0x00007ffe73914000 	C:\WINDOWS\System32\USER32.dll
0x00007ffe72420000 - 0x00007ffe72441000 	C:\WINDOWS\System32\win32u.dll
0x00007ffe72800000 - 0x00007ffe72826000 	C:\WINDOWS\System32\GDI32.dll
0x00007ffe720e0000 - 0x00007ffe72274000 	C:\WINDOWS\System32\gdi32full.dll
0x00007ffe71d90000 - 0x00007ffe71e2e000 	C:\WINDOWS\System32\msvcp_win.dll
0x00007ffe71c90000 - 0x00007ffe71d8a000 	C:\WINDOWS\System32\ucrtbase.dll
0x00007ffe565d0000 - 0x00007ffe56855000 	C:\WINDOWS\WinSxS\amd64_microsoft.windows.common-controls_6595b64144ccf1df_6.0.18362.778_none_e6c6b761130d4fb8\COMCTL32.dll
0x00007ffe724b0000 - 0x00007ffe727e6000 	C:\WINDOWS\System32\combase.dll
0x00007ffe713c0000 - 0x00007ffe71440000 	C:\WINDOWS\System32\bcryptPrimitives.dll
0x00007ffe72480000 - 0x00007ffe724ae000 	C:\WINDOWS\System32\IMM32.DLL
0x000000006f0c0000 - 0x000000006f192000 	C:\Program Files\Android\Android Studio\jre\jre\bin\msvcr100.dll
0x000000006f1a0000 - 0x000000006f9e6000 	C:\Program Files\Android\Android Studio\jre\jre\bin\server\jvm.dll
0x00007ffe73100000 - 0x00007ffe73108000 	C:\WINDOWS\System32\PSAPI.DLL
0x00007ffe6d8b0000 - 0x00007ffe6d8b9000 	C:\WINDOWS\SYSTEM32\WSOCK32.dll
0x00007ffe73f40000 - 0x00007ffe73faf000 	C:\WINDOWS\System32\WS2_32.dll
0x00007ffe6d810000 - 0x00007ffe6d834000 	C:\WINDOWS\SYSTEM32\WINMM.dll
0x00007ffe69cf0000 - 0x00007ffe69cfa000 	C:\WINDOWS\SYSTEM32\VERSION.dll
0x00007ffe6d7e0000 - 0x00007ffe6d80d000 	C:\WINDOWS\SYSTEM32\winmmbase.dll
0x00007ffe72280000 - 0x00007ffe722ca000 	C:\WINDOWS\System32\cfgmgr32.dll
0x00007ffe6d100000 - 0x00007ffe6d10f000 	C:\Program Files\Android\Android Studio\jre\jre\bin\verify.dll
0x00007ffe6b410000 - 0x00007ffe6b439000 	C:\Program Files\Android\Android Studio\jre\jre\bin\java.dll
0x00007ffe6a390000 - 0x00007ffe6a3a6000 	C:\Program Files\Android\Android Studio\jre\jre\bin\zip.dll

VM Arguments:
java_command: org.jetbrains.git4idea.http.GitAskPassApp Username for 'https://github.com': 
java_class_path (initial): C:/Program Files/Android/Android Studio/plugins/git4idea/lib/git4idea-rt.jar;C:/Program Files/Android/Android Studio/lib/xmlrpc-2.0.1.jar;C:/Program Files/Android/Android Studio/lib/commons-codec-1.10.jar;C:/Program Files/Android/Android Studio/lib/util.jar
Launcher Type: SUN_STANDARD

Environment Variables:
JAVA_HOME=C:\Program Files\Java\jdk-13.0.1
PATH=C:/Program Files/Git/mingw64/libexec/git-core;C:/Program Files/Git/mingw64/libexec/git-core;C:\Program Files\Git\mingw64\bin;C:\Program Files\Git\usr\bin;C:\Users\J\bin;C:\Users\J\Documents\apache-maven-3.6.2-bin\bin;C:\Program Files\Java\jdk-13.0.1;C:\Program Files\Java\jdk-13.0.1\bin;C:\Program Files (x86)\Intel\Intel(R) Management Engine Components\iCLS\;C:\Program Files\Intel\Intel(R) Management Engine Components\iCLS\;C:\WINDOWS\system32;C:\WINDOWS;C:\WINDOWS\System32\Wbem;C:\WINDOWS\System32\WindowsPowerShell\v1.0\;C:\WINDOWS\System32\OpenSSH\;C:\Program Files (x86)\Intel\Intel(R) Management Engine Components\DAL;C:\Program Files\Intel\Intel(R) Management Engine Components\DAL;C:\Program Files\PuTTY\;C:\Users\J\Downloads;C:\Program Files\Git\cmd;C:\Program Files\OpenSSL-Win64\bin;C:\Program Files\MySQL\MySQL Shell 8.0\bin\;C:\Users\J\AppData\Local\Microsoft\WindowsApps;C:\Users\J\AppData\Local\atom\bin;C:\Users\J\AppData\Local\GitHubDesktop\bin
USERNAME=J
DISPLAY=:0.0
OS=Windows_NT
PROCESSOR_IDENTIFIER=Intel64 Family 6 Model 142 Stepping 11, GenuineIntel



---------------  S Y S T E M  ---------------

OS: Windows 10.0 , 64 bit Build 18362 (10.0.18362.778)

CPU:total 8 (initial active 8) (4 cores per cpu, 2 threads per core) family 6 model 142 stepping 11, cmov, cx8, fxsr, mmx, sse, sse2, sse3, ssse3, sse4.1, sse4.2, popcnt, avx, avx2, aes, clmul, erms, 3dnowpref, lzcnt, ht, tsc, tscinvbit, bmi1, bmi2, adx

Memory: 4k page, physical 8177696k(484052k free), swap 10117152k(5176k free)

vm_info: OpenJDK 64-Bit Server VM (25.202-b03) for windows-amd64 JRE (1.8.0_202-release-1483-b03), built by "builder" with MS VC++ 10.0 (VS2010)

time: Wed May 06 17:07:36 2020
timezone: 대한민국 표준시
elapsed time: 0 seconds (0d 0h 0m 0s)

