#
# There is insufficient memory for the Java Runtime Environment to continue.
# Native memory allocation (malloc) failed to allocate 1411536 bytes for Chunk::new
# Possible reasons:
#   The system is out of physical RAM or swap space
#   The process is running with CompressedOops enabled, and the Java Heap may be blocking the growth of the native heap
# Possible solutions:
#   Reduce memory load on the system
#   Increase physical memory or swap space
#   Check if swap backing store is full
#   Decrease Java heap size (-Xmx/-Xms)
#   Decrease number of Java threads
#   Decrease Java thread stack sizes (-Xss)
#   Set larger code cache with -XX:ReservedCodeCacheSize=
#   JVM is running with Unscaled Compressed Oops mode in which the Java heap is
#     placed in the first 4GB address space. The Java Heap base address is the
#     maximum limit for the native heap growth. Please use -XX:HeapBaseMinAddress
#     to set the Java Heap base and to place the Java Heap above 4GB virtual address.
# This output file may be truncated or incomplete.
#
#  Out of Memory Error (allocation.cpp:389), pid=972, tid=0x00000000000016d4
#
# JRE version: OpenJDK Runtime Environment (8.0_202-b03) (build 1.8.0_202-release-1483-b03)
# Java VM: OpenJDK 64-Bit Server VM (25.202-b03 mixed mode windows-amd64 compressed oops)
# Failed to write core dump. Minidumps are not enabled by default on client versions of Windows
#

---------------  T H R E A D  ---------------

Current thread (0x00000000168e9800):  JavaThread "C2 CompilerThread2" daemon [_thread_in_native, id=5844, stack(0x00000000190e0000,0x00000000191e0000)]

Stack: [0x00000000190e0000,0x00000000191e0000]
[error occurred during error reporting (printing stack bounds), id 0xc0000005]

Native frames: (J=compiled Java code, j=interpreted, Vv=VM code, C=native code)


Current CompileTask:
C2:1520081 31025       4       com.google.common.io.MultiInputStream::read (37 bytes)


---------------  P R O C E S S  ---------------

Java Threads: ( => current thread )
  0x00000000223a3000 JavaThread "WorkerExecutor Queue Thread 8" [_thread_blocked, id=12008, stack(0x000000002cbd0000,0x000000002ccd0000)]
  0x00000000223a0000 JavaThread "WorkerExecutor Queue Thread 7" [_thread_blocked, id=12888, stack(0x000000002cad0000,0x000000002cbd0000)]
  0x00000000223a2000 JavaThread "WorkerExecutor Queue Thread 6" [_thread_blocked, id=15060, stack(0x000000002c9d0000,0x000000002cad0000)]
  0x000000001e476800 JavaThread "WorkerExecutor Queue Thread 5" [_thread_blocked, id=11256, stack(0x000000002c8d0000,0x000000002c9d0000)]
  0x000000001e475800 JavaThread "WorkerExecutor Queue Thread 4" [_thread_blocked, id=2552, stack(0x000000002c7d0000,0x000000002c8d0000)]
  0x000000001e475000 JavaThread "WorkerExecutor Queue Thread 3" [_thread_blocked, id=15040, stack(0x0000000029f00000,0x000000002a000000)]
  0x000000001e473800 JavaThread "WorkerExecutor Queue Thread 2" [_thread_blocked, id=13336, stack(0x0000000029c00000,0x0000000029d00000)]
  0x000000001e474000 JavaThread "WorkerExecutor Queue" [_thread_blocked, id=3600, stack(0x0000000029900000,0x0000000029a00000)]
  0x000000001e472800 JavaThread "Cache worker for execution history cache (C:\Users\J\AndroidStudioProjects\SpeechAI\DailyRec\.gradle\5.4.1\executionHistory)" [_thread_blocked, id=13580, stack(0x0000000029800000,0x0000000029900000)]
  0x000000001e477000 JavaThread "Execution worker for ':' Thread 7" [_thread_blocked, id=4084, stack(0x0000000029700000,0x0000000029800000)]
  0x000000001e46a800 JavaThread "Execution worker for ':' Thread 6" [_thread_blocked, id=3876, stack(0x0000000029600000,0x0000000029700000)]
  0x000000001e470800 JavaThread "Execution worker for ':' Thread 5" [_thread_in_Java, id=11620, stack(0x0000000028b00000,0x0000000028c00000)]
  0x000000001e469000 JavaThread "Execution worker for ':' Thread 4" [_thread_blocked, id=13144, stack(0x0000000028a00000,0x0000000028b00000)]
  0x000000001e46c000 JavaThread "Execution worker for ':' Thread 3" [_thread_blocked, id=16368, stack(0x0000000028900000,0x0000000028a00000)]
  0x000000001e46f800 JavaThread "Execution worker for ':' Thread 2" [_thread_blocked, id=8572, stack(0x0000000028800000,0x0000000028900000)]
  0x000000001e469800 JavaThread "Execution worker for ':'" [_thread_blocked, id=14904, stack(0x0000000027b10000,0x0000000027c10000)]
  0x000000001e46c800 JavaThread "Cache worker for file content cache (C:\Users\J\AndroidStudioProjects\SpeechAI\DailyRec\.gradle\5.4.1\fileContent)" [_thread_blocked, id=11844, stack(0x0000000027310000,0x0000000027410000)]
  0x000000001e46d800 JavaThread "Cache worker for Build Output Cleanup Cache (C:\Users\J\AndroidStudioProjects\SpeechAI\DailyRec\.gradle\buildOutputCleanup)" [_thread_blocked, id=5708, stack(0x0000000026d20000,0x0000000026e20000)]
  0x000000001e46f000 JavaThread "Build operations Thread 8" [_thread_blocked, id=10480, stack(0x00000000241d0000,0x00000000242d0000)]
  0x0000000021d69000 JavaThread "Build operations Thread 7" [_thread_blocked, id=7768, stack(0x00000000240d0000,0x00000000241d0000)]
  0x0000000021d67800 JavaThread "Build operations Thread 6" [_thread_blocked, id=14048, stack(0x0000000023fd0000,0x00000000240d0000)]
  0x0000000021d67000 JavaThread "Build operations Thread 5" [_thread_blocked, id=9104, stack(0x0000000023ed0000,0x0000000023fd0000)]
  0x0000000021d66000 JavaThread "Build operations Thread 4" [_thread_blocked, id=9784, stack(0x0000000023dd0000,0x0000000023ed0000)]
  0x0000000021d64800 JavaThread "Build operations Thread 3" [_thread_blocked, id=2416, stack(0x0000000022c60000,0x0000000022d60000)]
  0x0000000021d5c000 JavaThread "Build operations Thread 2" [_thread_blocked, id=6884, stack(0x0000000022b60000,0x0000000022c60000)]
  0x0000000021d63000 JavaThread "Build operations" [_thread_blocked, id=10584, stack(0x0000000021440000,0x0000000021540000)]
  0x0000000021d62800 JavaThread "Cache worker for cache directory md-rule (C:\Users\J\.gradle\caches\5.4.1\md-rule)" [_thread_blocked, id=9988, stack(0x000000001f500000,0x000000001f600000)]
  0x0000000021d5b800 JavaThread "Cache worker for cache directory md-supplier (C:\Users\J\.gradle\caches\5.4.1\md-supplier)" [_thread_blocked, id=14204, stack(0x000000001f400000,0x000000001f500000)]
  0x0000000021d5a800 JavaThread "Cache worker for file hash cache (C:\Users\J\AndroidStudioProjects\SpeechAI\DailyRec\.gradle\5.4.1\fileHashes)" [_thread_blocked, id=6640, stack(0x000000001ba90000,0x000000001bb90000)]
  0x0000000021d61800 JavaThread "Thread-496" [_thread_blocked, id=12128, stack(0x000000001b790000,0x000000001b890000)]
  0x0000000021d5a000 JavaThread "Stdin handler" [_thread_blocked, id=5780, stack(0x000000001b690000,0x000000001b790000)]
  0x0000000021d5f000 JavaThread "Asynchronous log dispatcher for DefaultDaemonConnection: socket connection from /127.0.0.1:16656 to /127.0.0.1:17087" [_thread_blocked, id=15464, stack(0x000000001b390000,0x000000001b490000)]
  0x0000000021d61000 JavaThread "Daemon worker Thread 7" [_thread_blocked, id=100, stack(0x000000001b290000,0x000000001b390000)]
  0x0000000021d60000 JavaThread "Cancel handler" [_thread_blocked, id=9756, stack(0x0000000000ad0000,0x0000000000bd0000)]
  0x0000000021d5e800 JavaThread "Handler for socket connection from /127.0.0.1:16656 to /127.0.0.1:17087" [_thread_in_native, id=17060, stack(0x00000000009d0000,0x0000000000ad0000)]
  0x0000000021d5d000 JavaThread "Daemon Thread 7" [_thread_blocked, id=6848, stack(0x00000000008d0000,0x00000000009d0000)]
  0x000000001c365000 JavaThread "MarlinRenderer Disposer" daemon [_thread_blocked, id=2880, stack(0x000000002b500000,0x000000002b600000)]
  0x000000001c35f000 JavaThread "Java2D Disposer" daemon [_thread_blocked, id=17088, stack(0x000000002b400000,0x000000002b500000)]
  0x000000001c35e000 JavaThread "Cache worker for Java compile cache (C:\Users\J\.gradle\caches\5.4.1\javaCompile)" [_thread_blocked, id=9076, stack(0x0000000027c10000,0x0000000027d10000)]
  0x000000001e471000 JavaThread "Cache worker for file content cache (C:\Users\J\.gradle\caches\5.4.1\fileContent)" [_thread_blocked, id=7420, stack(0x0000000026990000,0x0000000026a90000)]
  0x000000001c362800 JavaThread "Memory manager" [_thread_blocked, id=1484, stack(0x00000000250d0000,0x00000000251d0000)]
  0x000000001c35a800 JavaThread "Cache worker for execution history cache (C:\Users\J\.gradle\caches\5.4.1\executionHistory)" [_thread_blocked, id=12200, stack(0x0000000020f40000,0x0000000021040000)]
  0x0000000019857000 JavaThread "Cache worker for journal cache (C:\Users\J\.gradle\caches\journal-1)" [_thread_blocked, id=9912, stack(0x000000001bf90000,0x000000001c090000)]
  0x0000000019857800 JavaThread "File lock request listener" [_thread_in_native, id=5280, stack(0x000000001be90000,0x000000001bf90000)]
  0x000000001985a000 JavaThread "Cache worker for file hash cache (C:\Users\J\.gradle\caches\5.4.1\fileHashes)" [_thread_blocked, id=16912, stack(0x000000001bb90000,0x000000001bc90000)]
  0x000000001975f000 JavaThread "Daemon periodic checks" [_thread_blocked, id=1812, stack(0x000000001b190000,0x000000001b290000)]
  0x0000000019676800 JavaThread "Incoming local TCP Connector on port 16656" [_thread_in_native, id=2188, stack(0x000000001afb0000,0x000000001b0b0000)]
  0x000000001a42d800 JavaThread "Daemon health stats" [_thread_blocked, id=16308, stack(0x000000001acb0000,0x000000001adb0000)]
  0x0000000018801000 JavaThread "Service Thread" daemon [_thread_blocked, id=11164, stack(0x00000000192e0000,0x00000000193e0000)]
  0x0000000018779000 JavaThread "C1 CompilerThread3" daemon [_thread_blocked, id=2344, stack(0x00000000191e0000,0x00000000192e0000)]
=>0x00000000168e9800 JavaThread "C2 CompilerThread2" daemon [_thread_in_native, id=5844, stack(0x00000000190e0000,0x00000000191e0000)]
  0x0000000018722000 JavaThread "C2 CompilerThread1" daemon [_thread_blocked, id=9600, stack(0x0000000018fe0000,0x00000000190e0000)]
  0x000000001871f800 JavaThread "C2 CompilerThread0" daemon [_thread_blocked, id=4816, stack(0x0000000018ee0000,0x0000000018fe0000)]
  0x000000001871b000 JavaThread "Attach Listener" daemon [_thread_blocked, id=1572, stack(0x0000000018de0000,0x0000000018ee0000)]
  0x0000000018706800 JavaThread "Signal Dispatcher" daemon [_thread_blocked, id=4920, stack(0x0000000018ce0000,0x0000000018de0000)]
  0x0000000018701800 JavaThread "Finalizer" daemon [_thread_blocked, id=2192, stack(0x0000000018be0000,0x0000000018ce0000)]
  0x0000000018700800 JavaThread "Reference Handler" daemon [_thread_blocked, id=17120, stack(0x0000000018ae0000,0x0000000018be0000)]
  0x0000000000d3e800 JavaThread "main" [_thread_blocked, id=5484, stack(0x0000000002500000,0x0000000002600000)]

Other Threads:
  0x00000000168d7800 VMThread [stack: 0x00000000185e0000,0x00000000186e0000] [id=8180]
  0x0000000018801800 WatcherThread [stack: 0x00000000193e0000,0x00000000194e0000] [id=16060]

VM state:not at safepoint (normal execution)

VM Mutex/Monitor currently owned by a thread: None

heap address: 0x00000000a0000000, size: 1536 MB, Compressed Oops mode: 32-bit
Narrow klass base: 0x0000000000000000, Narrow klass shift: 3
Compressed class space size: 1073741824 Address: 0x0000000100000000

Heap:
 PSYoungGen      total 416256K, used 240569K [0x00000000e0000000, 0x0000000100000000, 0x0000000100000000)
  eden space 308224K, 43% used [0x00000000e0000000,0x00000000e8172680,0x00000000f2d00000)
  from space 108032K, 99% used [0x00000000f2d00000,0x00000000f967c118,0x00000000f9680000)
  to   space 108032K, 0% used [0x00000000f9680000,0x00000000f9680000,0x0000000100000000)
 ParOldGen       total 296960K, used 211688K [0x00000000a0000000, 0x00000000b2200000, 0x00000000e0000000)
  object space 296960K, 71% used [0x00000000a0000000,0x00000000aceba2e8,0x00000000b2200000)
 Metaspace       used 107322K, capacity 116928K, committed 117120K, reserved 1150976K
  class space    used 13614K, capacity 15153K, committed 15232K, reserved 1048576K

Card table byte_map: [0x0000000011ee0000,0x00000000121f0000] byte_map_base: 0x00000000119e0000

Marking Bits: (ParMarkBitMap*) 0x000000006f969f30
 Begin Bits: [0x0000000012bf0000, 0x00000000143f0000)
 End Bits:   [0x00000000143f0000, 0x0000000015bf0000)

Polling page: 0x0000000000cd0000

CodeCache: size=245760Kb used=87598Kb max_used=87613Kb free=158161Kb
 bounds [0x0000000002b20000, 0x0000000008140000, 0x0000000011b20000]
 total_blobs=23687 nmethods=22680 adapters=916
 compilation: enabled

Compilation events (10 events):
Event: 1520.057 Thread 0x000000001871f800 nmethod 31047 0x00000000080fb850 code [0x00000000080fb9a0, 0x00000000080fbaf8]
Event: 1520.057 Thread 0x000000001871f800 31044       4       java.math.BigInteger::squareToLen (33 bytes)
Event: 1520.059 Thread 0x000000001871f800 nmethod 31044 0x00000000080fe010 code [0x00000000080fe160, 0x00000000080fe398]
Event: 1520.060 Thread 0x000000001871f800 31045       4       java.math.BigInteger::implSquareToLenChecks (198 bytes)
Event: 1520.061 Thread 0x000000001871f800 nmethod 31045 0x00000000046a41d0 code [0x00000000046a4320, 0x00000000046a4438]
Event: 1520.061 Thread 0x000000001871f800 31043       4       java.math.BigInteger::montgomerySquare (49 bytes)
Event: 1520.066 Thread 0x000000001871f800 nmethod 31043 0x00000000080fd550 code [0x00000000080fd6c0, 0x00000000080fdb48]
Event: 1520.066 Thread 0x000000001871f800 31039       4       java.math.MutableBigInteger::compare (106 bytes)
Event: 1520.069 Thread 0x000000001871f800 nmethod 31039 0x00000000080fd150 code [0x00000000080fd2a0, 0x00000000080fd418]
Event: 1520.073 Thread 0x0000000018722000 nmethod 31041% 0x0000000008130c10 code [0x0000000008130d80, 0x0000000008131d18]

GC Heap History (10 events):
Event: 1301.631 GC heap before
{Heap before GC invocations=66 (full 5):
 PSYoungGen      total 403968K, used 340663K [0x00000000e0000000, 0x0000000100000000, 0x0000000100000000)
  eden space 295936K, 100% used [0x00000000e0000000,0x00000000f2100000,0x00000000f2100000)
  from space 108032K, 41% used [0x00000000f9680000,0x00000000fc22dfb0,0x0000000100000000)
  to   space 114176K, 0% used [0x00000000f2100000,0x00000000f2100000,0x00000000f9080000)
 ParOldGen       total 296960K, used 164753K [0x00000000a0000000, 0x00000000b2200000, 0x00000000e0000000)
  object space 296960K, 55% used [0x00000000a0000000,0x00000000aa0e4770,0x00000000b2200000)
 Metaspace       used 107158K, capacity 116722K, committed 116864K, reserved 1150976K
  class space    used 13603K, capacity 15139K, committed 15232K, reserved 1048576K
Event: 1301.665 GC heap after
Heap after GC invocations=66 (full 5):
 PSYoungGen      total 410112K, used 48160K [0x00000000e0000000, 0x00000000ffc00000, 0x0000000100000000)
  eden space 295936K, 0% used [0x00000000e0000000,0x00000000e0000000,0x00000000f2100000)
  from space 114176K, 42% used [0x00000000f2100000,0x00000000f5008190,0x00000000f9080000)
  to   space 109056K, 0% used [0x00000000f9180000,0x00000000f9180000,0x00000000ffc00000)
 ParOldGen       total 296960K, used 167760K [0x00000000a0000000, 0x00000000b2200000, 0x00000000e0000000)
  object space 296960K, 56% used [0x00000000a0000000,0x00000000aa3d41f0,0x00000000b2200000)
 Metaspace       used 107158K, capacity 116722K, committed 116864K, reserved 1150976K
  class space    used 13603K, capacity 15139K, committed 15232K, reserved 1048576K
}
Event: 1514.352 GC heap before
{Heap before GC invocations=67 (full 5):
 PSYoungGen      total 410112K, used 344096K [0x00000000e0000000, 0x00000000ffc00000, 0x0000000100000000)
  eden space 295936K, 100% used [0x00000000e0000000,0x00000000f2100000,0x00000000f2100000)
  from space 114176K, 42% used [0x00000000f2100000,0x00000000f5008190,0x00000000f9080000)
  to   space 109056K, 0% used [0x00000000f9180000,0x00000000f9180000,0x00000000ffc00000)
 ParOldGen       total 296960K, used 167760K [0x00000000a0000000, 0x00000000b2200000, 0x00000000e0000000)
  object space 296960K, 56% used [0x00000000a0000000,0x00000000aa3d41f0,0x00000000b2200000)
 Metaspace       used 107278K, capacity 116858K, committed 117120K, reserved 1150976K
  class space    used 13613K, capacity 15152K, committed 15232K, reserved 1048576K
Event: 1514.392 GC heap after
Heap after GC invocations=67 (full 5):
 PSYoungGen      total 403968K, used 54137K [0x00000000e0000000, 0x00000000ff600000, 0x0000000100000000)
  eden space 301056K, 0% used [0x00000000e0000000,0x00000000e0000000,0x00000000f2600000)
  from space 102912K, 52% used [0x00000000f9180000,0x00000000fc65e548,0x00000000ff600000)
  to   space 106496K, 0% used [0x00000000f2600000,0x00000000f2600000,0x00000000f8e00000)
 ParOldGen       total 296960K, used 167824K [0x00000000a0000000, 0x00000000b2200000, 0x00000000e0000000)
  object space 296960K, 56% used [0x00000000a0000000,0x00000000aa3e41f0,0x00000000b2200000)
 Metaspace       used 107278K, capacity 116858K, committed 117120K, reserved 1150976K
  class space    used 13613K, capacity 15152K, committed 15232K, reserved 1048576K
}
Event: 1515.452 GC heap before
{Heap before GC invocations=68 (full 5):
 PSYoungGen      total 403968K, used 354953K [0x00000000e0000000, 0x00000000ff600000, 0x0000000100000000)
  eden space 301056K, 99% used [0x00000000e0000000,0x00000000f25c3f48,0x00000000f2600000)
  from space 102912K, 52% used [0x00000000f9180000,0x00000000fc65e548,0x00000000ff600000)
  to   space 106496K, 0% used [0x00000000f2600000,0x00000000f2600000,0x00000000f8e00000)
 ParOldGen       total 296960K, used 167824K [0x00000000a0000000, 0x00000000b2200000, 0x00000000e0000000)
  object space 296960K, 56% used [0x00000000a0000000,0x00000000aa3e41f0,0x00000000b2200000)
 Metaspace       used 107291K, capacity 116858K, committed 117120K, reserved 1150976K
  class space    used 13613K, capacity 15152K, committed 15232K, reserved 1048576K
Event: 1515.504 GC heap after
Heap after GC invocations=68 (full 5):
 PSYoungGen      total 407552K, used 55597K [0x00000000e0000000, 0x00000000fff80000, 0x0000000100000000)
  eden space 301056K, 0% used [0x00000000e0000000,0x00000000e0000000,0x00000000f2600000)
  from space 106496K, 52% used [0x00000000f2600000,0x00000000f5c4b740,0x00000000f8e00000)
  to   space 104448K, 0% used [0x00000000f9980000,0x00000000f9980000,0x00000000fff80000)
 ParOldGen       total 296960K, used 167824K [0x00000000a0000000, 0x00000000b2200000, 0x00000000e0000000)
  object space 296960K, 56% used [0x00000000a0000000,0x00000000aa3e41f0,0x00000000b2200000)
 Metaspace       used 107291K, capacity 116858K, committed 117120K, reserved 1150976K
  class space    used 13613K, capacity 15152K, committed 15232K, reserved 1048576K
}
Event: 1517.023 GC heap before
{Heap before GC invocations=69 (full 5):
 PSYoungGen      total 407552K, used 356653K [0x00000000e0000000, 0x00000000fff80000, 0x0000000100000000)
  eden space 301056K, 100% used [0x00000000e0000000,0x00000000f2600000,0x00000000f2600000)
  from space 106496K, 52% used [0x00000000f2600000,0x00000000f5c4b740,0x00000000f8e00000)
  to   space 104448K, 0% used [0x00000000f9980000,0x00000000f9980000,0x00000000fff80000)
 ParOldGen       total 296960K, used 167824K [0x00000000a0000000, 0x00000000b2200000, 0x00000000e0000000)
  object space 296960K, 56% used [0x00000000a0000000,0x00000000aa3e41f0,0x00000000b2200000)
 Metaspace       used 107301K, capacity 116928K, committed 117120K, reserved 1150976K
  class space    used 13614K, capacity 15153K, committed 15232K, reserved 1048576K
Event: 1517.127 GC heap after
Heap after GC invocations=69 (full 5):
 PSYoungGen      total 412672K, used 69930K [0x00000000e0000000, 0x0000000100000000, 0x0000000100000000)
  eden space 308224K, 0% used [0x00000000e0000000,0x00000000e0000000,0x00000000f2d00000)
  from space 104448K, 66% used [0x00000000f9980000,0x00000000fddca978,0x00000000fff80000)
  to   space 108032K, 0% used [0x00000000f2d00000,0x00000000f2d00000,0x00000000f9680000)
 ParOldGen       total 296960K, used 200128K [0x00000000a0000000, 0x00000000b2200000, 0x00000000e0000000)
  object space 296960K, 67% used [0x00000000a0000000,0x00000000ac370028,0x00000000b2200000)
 Metaspace       used 107301K, capacity 116928K, committed 117120K, reserved 1150976K
  class space    used 13614K, capacity 15153K, committed 15232K, reserved 1048576K
}
Event: 1519.007 GC heap before
{Heap before GC invocations=70 (full 5):
 PSYoungGen      total 412672K, used 376773K [0x00000000e0000000, 0x0000000100000000, 0x0000000100000000)
  eden space 308224K, 99% used [0x00000000e0000000,0x00000000f2ba6e00,0x00000000f2d00000)
  from space 104448K, 66% used [0x00000000f9980000,0x00000000fddca978,0x00000000fff80000)
  to   space 108032K, 0% used [0x00000000f2d00000,0x00000000f2d00000,0x00000000f9680000)
 ParOldGen       total 296960K, used 200128K [0x00000000a0000000, 0x00000000b2200000, 0x00000000e0000000)
  object space 296960K, 67% used [0x00000000a0000000,0x00000000ac370028,0x00000000b2200000)
 Metaspace       used 107314K, capacity 116928K, committed 117120K, reserved 1150976K
  class space    used 13614K, capacity 15153K, committed 15232K, reserved 1048576K
Event: 1519.104 GC heap after
Heap after GC invocations=70 (full 5):
 PSYoungGen      total 416256K, used 108016K [0x00000000e0000000, 0x0000000100000000, 0x0000000100000000)
  eden space 308224K, 0% used [0x00000000e0000000,0x00000000e0000000,0x00000000f2d00000)
  from space 108032K, 99% used [0x00000000f2d00000,0x00000000f967c118,0x00000000f9680000)
  to   space 108032K, 0% used [0x00000000f9680000,0x00000000f9680000,0x0000000100000000)
 ParOldGen       total 296960K, used 211688K [0x00000000a0000000, 0x00000000b2200000, 0x00000000e0000000)
  object space 296960K, 71% used [0x00000000a0000000,0x00000000aceba2e8,0x00000000b2200000)
 Metaspace       used 107314K, capacity 116928K, committed 117120K, reserved 1150976K
  class space    used 13614K, capacity 15153K, committed 15232K, reserved 1048576K
}

Deoptimization events (10 events):
Event: 1515.106 Thread 0x000000001e474000 Uncommon trap: reason=unstable_if action=reinterpret pc=0x00000000078d7fb0 method=com.android.tools.r8.ir.optimize.z.a(Lcom/android/tools/r8/ir/code/Instruction;)Z @ 138
Event: 1515.229 Thread 0x000000001e474000 Uncommon trap: reason=array_check action=maybe_recompile pc=0x0000000006cab15c method=java.util.TimSort.mergeHi(IIII)V @ 524
Event: 1515.229 Thread 0x000000001e474000 Uncommon trap: reason=array_check action=maybe_recompile pc=0x0000000006caaf38 method=java.util.TimSort.mergeHi(IIII)V @ 657
Event: 1515.229 Thread 0x000000001e474000 Uncommon trap: reason=array_check action=maybe_recompile pc=0x0000000006cab15c method=java.util.TimSort.mergeHi(IIII)V @ 524
Event: 1515.230 Thread 0x000000001e474000 Uncommon trap: reason=array_check action=maybe_recompile pc=0x0000000007dd8728 method=java.util.TimSort.mergeLo(IIII)V @ 468
Event: 1515.668 Thread 0x000000001e475000 Uncommon trap: reason=bimorphic action=maybe_recompile pc=0x0000000004d05c84 method=com.android.tools.r8.ir.conversion.IRBuilder.a(ILcom/android/tools/r8/ir/analysis/type/TypeLatticeElement;Lcom/android/tools/r8/ir/code/BasicBlock$e;)Lcom/android/tools/r8
Event: 1515.678 Thread 0x000000001e475000 Uncommon trap: reason=array_check action=maybe_recompile pc=0x0000000007dd85d0 method=java.util.TimSort.mergeLo(IIII)V @ 590
Event: 1519.551 Thread 0x000000001e470800 Uncommon trap: reason=bimorphic action=maybe_recompile pc=0x00000000062d7cc4 method=org.gradle.internal.execution.history.changes.DefaultExecutionStateChangeDetector.detectChanges(Lorg/gradle/internal/execution/history/AfterPreviousExecutionState;Lorg/gra
Event: 1519.567 Thread 0x000000001e470800 Uncommon trap: reason=bimorphic action=maybe_recompile pc=0x0000000004020d54 method=java.util.stream.FindOps$FindOp.evaluateSequential(Ljava/util/stream/PipelineHelper;Ljava/util/Spliterator;)Ljava/lang/Object; @ 14
Event: 1519.585 Thread 0x000000001e475800 Uncommon trap: reason=class_check action=maybe_recompile pc=0x00000000044c1fa8 method=com.google.common.collect.ImmutableCollection.toArray([Ljava/lang/Object;)[Ljava/lang/Object; @ 27

Classes redefined (0 events):
No events

Internal exceptions (10 events):
Event: 1515.868 Thread 0x000000001e475000 Exception <a 'sun/nio/fs/WindowsException'> (0x00000000e926fec8) thrown at [D:\src\AOSP-openjdk-cygwin\jdk8u\hotspot\src\share\vm\prims\jni.cpp, line 710]
Event: 1515.870 Thread 0x000000001e475000 Exception <a 'sun/nio/fs/WindowsException'> (0x00000000e9275740) thrown at [D:\src\AOSP-openjdk-cygwin\jdk8u\hotspot\src\share\vm\prims\jni.cpp, line 710]
Event: 1515.871 Thread 0x000000001e475000 Exception <a 'sun/nio/fs/WindowsException'> (0x00000000e927d978) thrown at [D:\src\AOSP-openjdk-cygwin\jdk8u\hotspot\src\share\vm\prims\jni.cpp, line 710]
Event: 1515.873 Thread 0x000000001e475000 Exception <a 'sun/nio/fs/WindowsException'> (0x00000000e9283c50) thrown at [D:\src\AOSP-openjdk-cygwin\jdk8u\hotspot\src\share\vm\prims\jni.cpp, line 710]
Event: 1516.790 Thread 0x00000000223a2000 Exception <a 'sun/nio/fs/WindowsException'> (0x00000000ebb08bd8) thrown at [D:\src\AOSP-openjdk-cygwin\jdk8u\hotspot\src\share\vm\prims\jni.cpp, line 710]
Event: 1516.796 Thread 0x000000001e476800 Exception <a 'sun/nio/fs/WindowsException'> (0x00000000ebd0c7d8) thrown at [D:\src\AOSP-openjdk-cygwin\jdk8u\hotspot\src\share\vm\prims\jni.cpp, line 710]
Event: 1516.821 Thread 0x000000001e469000 Exception <a 'java/io/FileNotFoundException'> (0x00000000ee16e1f8) thrown at [D:\src\AOSP-openjdk-cygwin\jdk8u\hotspot\src\share\vm\prims\jni.cpp, line 710]
Event: 1516.904 Thread 0x00000000223a9000 Exception <a 'sun/nio/fs/WindowsException'> (0x00000000efff4930) thrown at [D:\src\AOSP-openjdk-cygwin\jdk8u\hotspot\src\share\vm\prims\jni.cpp, line 710]
Event: 1518.533 Thread 0x00000000223a9000 Exception <a 'sun/nio/fs/WindowsException'> (0x00000000eb9f4b80) thrown at [D:\src\AOSP-openjdk-cygwin\jdk8u\hotspot\src\share\vm\prims\jni.cpp, line 710]
Event: 1519.474 Thread 0x00000000223ab000 Exception <a 'sun/nio/fs/WindowsException'> (0x00000000e21cdc98) thrown at [D:\src\AOSP-openjdk-cygwin\jdk8u\hotspot\src\share\vm\prims\jni.cpp, line 710]

Events (10 events):
Event: 1519.957 Executing VM operation: RevokeBias done
Event: 1519.957 Executing VM operation: RevokeBias
Event: 1519.957 Executing VM operation: RevokeBias done
Event: 1519.970 Executing VM operation: RevokeBias
Event: 1519.970 Executing VM operation: RevokeBias done
Event: 1519.970 Executing VM operation: RevokeBias
Event: 1519.970 Executing VM operation: RevokeBias done
Event: 1520.041 Thread 0x00000000223a3800 Thread exited: 0x00000000223a3800
Event: 1520.048 Thread 0x000000001e475800 DEOPT PACKING pc=0x00000000036c8aab sp=0x000000002c8cd4d0
Event: 1520.048 Thread 0x000000001e475800 DEOPT UNPACKING pc=0x0000000002b675d0 sp=0x000000002c8cd218 mode 0


Dynamic libraries:
0x00007ff61b520000 - 0x00007ff61b551000 	C:\Program Files\Android\Android Studio\jre\bin\java.exe
0x00007ffe743a0000 - 0x00007ffe74590000 	C:\WINDOWS\SYSTEM32\ntdll.dll
0x00007ffe73dd0000 - 0x00007ffe73e82000 	C:\WINDOWS\System32\KERNEL32.DLL
0x00007ffe71e30000 - 0x00007ffe720d3000 	C:\WINDOWS\System32\KERNELBASE.dll
0x00007ffe72830000 - 0x00007ffe728d3000 	C:\WINDOWS\System32\ADVAPI32.dll
0x00007ffe73d30000 - 0x00007ffe73dce000 	C:\WINDOWS\System32\msvcrt.dll
0x00007ffe73920000 - 0x00007ffe739b7000 	C:\WINDOWS\System32\sechost.dll
0x00007ffe74060000 - 0x00007ffe74180000 	C:\WINDOWS\System32\RPCRT4.dll
0x00007ffe73780000 - 0x00007ffe73914000 	C:\WINDOWS\System32\USER32.dll
0x00007ffe72420000 - 0x00007ffe72441000 	C:\WINDOWS\System32\win32u.dll
0x00007ffe72800000 - 0x00007ffe72826000 	C:\WINDOWS\System32\GDI32.dll
0x00007ffe720e0000 - 0x00007ffe72274000 	C:\WINDOWS\System32\gdi32full.dll
0x00007ffe71d90000 - 0x00007ffe71e2e000 	C:\WINDOWS\System32\msvcp_win.dll
0x00007ffe71c90000 - 0x00007ffe71d8a000 	C:\WINDOWS\System32\ucrtbase.dll
0x00007ffe565d0000 - 0x00007ffe56855000 	C:\WINDOWS\WinSxS\amd64_microsoft.windows.common-controls_6595b64144ccf1df_6.0.18362.778_none_e6c6b761130d4fb8\COMCTL32.dll
0x00007ffe724b0000 - 0x00007ffe727e6000 	C:\WINDOWS\System32\combase.dll
0x00007ffe713c0000 - 0x00007ffe71440000 	C:\WINDOWS\System32\bcryptPrimitives.dll
0x00007ffe72480000 - 0x00007ffe724ae000 	C:\WINDOWS\System32\IMM32.DLL
0x000000006f0c0000 - 0x000000006f192000 	C:\Program Files\Android\Android Studio\jre\jre\bin\msvcr100.dll
0x000000006f1a0000 - 0x000000006f9e6000 	C:\Program Files\Android\Android Studio\jre\jre\bin\server\jvm.dll
0x00007ffe73100000 - 0x00007ffe73108000 	C:\WINDOWS\System32\PSAPI.DLL
0x00007ffe6d810000 - 0x00007ffe6d834000 	C:\WINDOWS\SYSTEM32\WINMM.dll
0x00007ffe6d8b0000 - 0x00007ffe6d8b9000 	C:\WINDOWS\SYSTEM32\WSOCK32.dll
0x00007ffe69cf0000 - 0x00007ffe69cfa000 	C:\WINDOWS\SYSTEM32\VERSION.dll
0x00007ffe73f40000 - 0x00007ffe73faf000 	C:\WINDOWS\System32\WS2_32.dll
0x00007ffe6d7e0000 - 0x00007ffe6d80d000 	C:\WINDOWS\SYSTEM32\winmmbase.dll
0x00007ffe72280000 - 0x00007ffe722ca000 	C:\WINDOWS\System32\cfgmgr32.dll
0x00007ffe6d100000 - 0x00007ffe6d10f000 	C:\Program Files\Android\Android Studio\jre\jre\bin\verify.dll
0x00007ffe6b410000 - 0x00007ffe6b439000 	C:\Program Files\Android\Android Studio\jre\jre\bin\java.dll
0x00007ffe6a390000 - 0x00007ffe6a3a6000 	C:\Program Files\Android\Android Studio\jre\jre\bin\zip.dll
0x00007ffe728e0000 - 0x00007ffe72fc5000 	C:\WINDOWS\System32\SHELL32.dll
0x00007ffe73fb0000 - 0x00007ffe74059000 	C:\WINDOWS\System32\shcore.dll
0x00007ffe71510000 - 0x00007ffe71c90000 	C:\WINDOWS\System32\windows.storage.dll
0x00007ffe71300000 - 0x00007ffe71323000 	C:\WINDOWS\System32\profapi.dll
0x00007ffe71270000 - 0x00007ffe712ba000 	C:\WINDOWS\System32\powrprof.dll
0x00007ffe71260000 - 0x00007ffe71270000 	C:\WINDOWS\System32\UMPDC.dll
0x00007ffe72fd0000 - 0x00007ffe73022000 	C:\WINDOWS\System32\shlwapi.dll
0x00007ffe712c0000 - 0x00007ffe712d1000 	C:\WINDOWS\System32\kernel.appcore.dll
0x00007ffe71440000 - 0x00007ffe71457000 	C:\WINDOWS\System32\cryptsp.dll
0x00007ffe6a2f0000 - 0x00007ffe6a30a000 	C:\Program Files\Android\Android Studio\jre\jre\bin\net.dll
0x00007ffe70a20000 - 0x00007ffe70a87000 	C:\WINDOWS\system32\mswsock.dll
0x00007ffe6a2d0000 - 0x00007ffe6a2e1000 	C:\Program Files\Android\Android Studio\jre\jre\bin\nio.dll
0x00007ffe54b80000 - 0x00007ffe54ba6000 	C:\Users\J\.gradle\native\29\windows-amd64\native-platform.dll
0x00007ffe6b400000 - 0x00007ffe6b40d000 	C:\Program Files\Android\Android Studio\jre\jre\bin\management.dll
0x00007ffe705a0000 - 0x00007ffe705d3000 	C:\WINDOWS\system32\rsaenh.dll
0x00007ffe71390000 - 0x00007ffe713b6000 	C:\WINDOWS\System32\bcrypt.dll
0x00007ffe71180000 - 0x00007ffe711a5000 	C:\WINDOWS\SYSTEM32\USERENV.dll
0x00007ffe70ba0000 - 0x00007ffe70bac000 	C:\WINDOWS\SYSTEM32\CRYPTBASE.dll
0x00007ffe70740000 - 0x00007ffe7077a000 	C:\WINDOWS\SYSTEM32\IPHLPAPI.DLL
0x00007ffe72450000 - 0x00007ffe72458000 	C:\WINDOWS\System32\NSI.dll
0x00007ffe66220000 - 0x00007ffe66236000 	C:\WINDOWS\SYSTEM32\dhcpcsvc6.DLL
0x00007ffe63750000 - 0x00007ffe6376c000 	C:\WINDOWS\SYSTEM32\dhcpcsvc.DLL
0x00007ffe70780000 - 0x00007ffe7084a000 	C:\WINDOWS\SYSTEM32\DNSAPI.dll
0x00007ffe434a0000 - 0x00007ffe4363c000 	C:\Program Files\Android\Android Studio\jre\jre\bin\awt.dll
0x00007ffe73a30000 - 0x00007ffe73af4000 	C:\WINDOWS\System32\OLEAUT32.dll
0x00007ffe6f510000 - 0x00007ffe6f53d000 	C:\WINDOWS\SYSTEM32\dwmapi.dll
0x00007ffe6db70000 - 0x00007ffe6e130000 	C:\WINDOWS\SYSTEM32\d2d1.dll
0x00007ffe6eff0000 - 0x00007ffe6f07f000 	C:\WINDOWS\SYSTEM32\apphelp.dll
0x00007ffe6f0f0000 - 0x00007ffe6f189000 	C:\WINDOWS\system32\uxtheme.dll
0x00007ffe70280000 - 0x00007ffe702b1000 	C:\WINDOWS\SYSTEM32\ntmarta.dll

VM Arguments:
jvm_args: -Xmx1536m -Dfile.encoding=x-windows-949 -Duser.country=KR -Duser.language=ko -Duser.variant 
java_command: org.gradle.launcher.daemon.bootstrap.GradleDaemon 5.4.1
java_class_path (initial): C:\Users\J\.gradle\wrapper\dists\gradle-5.4.1-all\3221gyojl5jsh0helicew7rwx\gradle-5.4.1\lib\gradle-launcher-5.4.1.jar
Launcher Type: SUN_STANDARD

Environment Variables:
JAVA_HOME=C:\Program Files\Java\jdk-13.0.1
PATH=C:\Users\J\Documents\apache-maven-3.6.2-bin\bin;C:\Program Files\Java\jdk-13.0.1;C:\Program Files\Java\jdk-13.0.1\bin;C:\Program Files (x86)\Intel\Intel(R) Management Engine Components\iCLS\;C:\Program Files\Intel\Intel(R) Management Engine Components\iCLS\;C:\WINDOWS\system32;C:\WINDOWS;C:\WINDOWS\System32\Wbem;C:\WINDOWS\System32\WindowsPowerShell\v1.0\;C:\WINDOWS\System32\OpenSSH\;C:\Program Files (x86)\Intel\Intel(R) Management Engine Components\DAL;C:\Program Files\Intel\Intel(R) Management Engine Components\DAL;C:\Program Files\PuTTY\;C:\Users\J\Downloads;C:\Program Files\Git\cmd;C:\Program Files\OpenSSL-Win64\bin;C:\Program Files\MySQL\MySQL Shell 8.0\bin\;C:\Users\J\AppData\Local\Microsoft\WindowsApps;C:\Users\J\AppData\Local\atom\bin;C:\Users\J\AppData\Local\GitHubDesktop\bin
USERNAME=J
OS=Windows_NT
PROCESSOR_IDENTIFIER=Intel64 Family 6 Model 142 Stepping 11, GenuineIntel



---------------  S Y S T E M  ---------------

OS: Windows 10.0 , 64 bit Build 18362 (10.0.18362.778)

CPU:total 8 (initial active 8) (4 cores per cpu, 2 threads per core) family 6 model 142 stepping 11, cmov, cx8, fxsr, mmx, sse, sse2, sse3, ssse3, sse4.1, sse4.2, popcnt, avx, avx2, aes, clmul, erms, 3dnowpref, lzcnt, ht, tsc, tscinvbit, bmi1, bmi2, adx

Memory: 4k page, physical 8177696k(715212k free), swap 10117152k(6456k free)

vm_info: OpenJDK 64-Bit Server VM (25.202-b03) for windows-amd64 JRE (1.8.0_202-release-1483-b03), built by "builder" with MS VC++ 10.0 (VS2010)

time: Wed May 06 17:19:55 2020
timezone: 대한민국 표준시
elapsed time: 1520 seconds (0d 0h 25m 20s)

