#
# There is insufficient memory for the Java Runtime Environment to continue.
# Native memory allocation (malloc) failed to allocate 1426176 bytes for Chunk::new
# Possible reasons:
#   The system is out of physical RAM or swap space
#   The process is running with CompressedOops enabled, and the Java Heap may be blocking the growth of the native heap
# Possible solutions:
#   Reduce memory load on the system
#   Increase physical memory or swap space
#   Check if swap backing store is full
#   Decrease Java heap size (-Xmx/-Xms)
#   Decrease number of Java threads
#   Decrease Java thread stack sizes (-Xss)
#   Set larger code cache with -XX:ReservedCodeCacheSize=
#   JVM is running with Unscaled Compressed Oops mode in which the Java heap is
#     placed in the first 4GB address space. The Java Heap base address is the
#     maximum limit for the native heap growth. Please use -XX:HeapBaseMinAddress
#     to set the Java Heap base and to place the Java Heap above 4GB virtual address.
# This output file may be truncated or incomplete.
#
#  Out of Memory Error (allocation.cpp:389), pid=14288, tid=0x0000000000002184
#
# JRE version: OpenJDK Runtime Environment (8.0_202-b03) (build 1.8.0_202-release-1483-b03)
# Java VM: OpenJDK 64-Bit Server VM (25.202-b03 mixed mode windows-amd64 compressed oops)
# Failed to write core dump. Minidumps are not enabled by default on client versions of Windows
#

---------------  T H R E A D  ---------------

Current thread (0x0000000018719800):  JavaThread "C2 CompilerThread1" daemon [_thread_in_native, id=8580, stack(0x0000000018fe0000,0x00000000190e0000)]

Stack: [0x0000000018fe0000,0x00000000190e0000]
[error occurred during error reporting (printing stack bounds), id 0xc0000005]

Native frames: (J=compiled Java code, j=interpreted, Vv=VM code, C=native code)


Current CompileTask:
C2:   2651 1385       4       java.net.URLClassLoader$1::run (5 bytes)


---------------  P R O C E S S  ---------------

Java Threads: ( => current thread )
  0x0000000018abe800 JavaThread "Cache worker for journal cache (C:\Users\J\.gradle\caches\journal-1)" [_thread_blocked, id=12236, stack(0x000000001cf60000,0x000000001d060000)]
  0x0000000018abf800 JavaThread "File lock request listener" [_thread_in_native, id=16612, stack(0x000000001ce60000,0x000000001cf60000)]
  0x000000001ab44000 JavaThread "Cache worker for file hash cache (C:\Users\J\.gradle\caches\5.4.1\fileHashes)" [_thread_blocked, id=13424, stack(0x000000001cb60000,0x000000001cc60000)]
  0x000000001a977800 JavaThread "Thread-9" [_thread_blocked, id=12804, stack(0x000000001ba90000,0x000000001bb90000)]
  0x000000001a971800 JavaThread "Stdin handler" [_thread_blocked, id=14696, stack(0x000000001b990000,0x000000001ba90000)]
  0x000000001a971000 JavaThread "Asynchronous log dispatcher for DefaultDaemonConnection: socket connection from /127.0.0.1:54839 to /127.0.0.1:54840" [_thread_blocked, id=9124, stack(0x000000001b890000,0x000000001b990000)]
  0x000000001ab50800 JavaThread "Daemon worker" [_thread_in_vm, id=20132, stack(0x000000001b790000,0x000000001b890000)]
  0x000000001ab4f800 JavaThread "Cancel handler" [_thread_blocked, id=8944, stack(0x000000001b690000,0x000000001b790000)]
  0x000000001a573800 JavaThread "Handler for socket connection from /127.0.0.1:54839 to /127.0.0.1:54840" [_thread_in_native, id=15988, stack(0x000000001b390000,0x000000001b490000)]
  0x0000000019505800 JavaThread "Daemon" [_thread_blocked, id=20116, stack(0x000000001b290000,0x000000001b390000)]
  0x000000001971a800 JavaThread "Daemon periodic checks" [_thread_blocked, id=18104, stack(0x000000001b190000,0x000000001b290000)]
  0x000000001970a000 JavaThread "Incoming local TCP Connector on port 54839" [_thread_in_native, id=13564, stack(0x000000001afb0000,0x000000001b0b0000)]
  0x000000001a73f000 JavaThread "Daemon health stats" [_thread_blocked, id=8232, stack(0x000000001acb0000,0x000000001adb0000)]
  0x00000000187fc000 JavaThread "Service Thread" daemon [_thread_blocked, id=16000, stack(0x00000000192e0000,0x00000000193e0000)]
  0x0000000018778000 JavaThread "C1 CompilerThread3" daemon [_thread_blocked, id=18960, stack(0x00000000191e0000,0x00000000192e0000)]
  0x0000000018775000 JavaThread "C2 CompilerThread2" daemon [_thread_blocked, id=4988, stack(0x00000000190e0000,0x00000000191e0000)]
=>0x0000000018719800 JavaThread "C2 CompilerThread1" daemon [_thread_in_native, id=8580, stack(0x0000000018fe0000,0x00000000190e0000)]
  0x0000000018717000 JavaThread "C2 CompilerThread0" daemon [_thread_in_native, id=16100, stack(0x0000000018ee0000,0x0000000018fe0000)]
  0x0000000018716000 JavaThread "Attach Listener" daemon [_thread_blocked, id=17480, stack(0x0000000018de0000,0x0000000018ee0000)]
  0x0000000018770000 JavaThread "Signal Dispatcher" daemon [_thread_blocked, id=11020, stack(0x0000000018ce0000,0x0000000018de0000)]
  0x0000000002b49000 JavaThread "Finalizer" daemon [_thread_blocked, id=3048, stack(0x0000000018be0000,0x0000000018ce0000)]
  0x000000001690c000 JavaThread "Reference Handler" daemon [_thread_blocked, id=14092, stack(0x0000000018ae0000,0x0000000018be0000)]
  0x000000000255e800 JavaThread "main" [_thread_blocked, id=10080, stack(0x0000000002950000,0x0000000002a50000)]

Other Threads:
  0x0000000016908000 VMThread [stack: 0x00000000185e0000,0x00000000186e0000] [id=14160]
  0x00000000187fd000 WatcherThread [stack: 0x00000000193e0000,0x00000000194e0000] [id=17432]

VM state:not at safepoint (normal execution)

VM Mutex/Monitor currently owned by a thread: None

heap address: 0x00000000a0000000, size: 1536 MB, Compressed Oops mode: 32-bit
Narrow klass base: 0x0000000000000000, Narrow klass shift: 3
Compressed class space size: 1073741824 Address: 0x0000000100000000

Heap:
 PSYoungGen      total 37888K, used 31020K [0x00000000e0000000, 0x00000000e2a00000, 0x0000000100000000)
  eden space 32768K, 79% used [0x00000000e0000000,0x00000000e194cae8,0x00000000e2000000)
  from space 5120K, 99% used [0x00000000e2000000,0x00000000e24fe620,0x00000000e2500000)
  to   space 5120K, 0% used [0x00000000e2500000,0x00000000e2500000,0x00000000e2a00000)
 ParOldGen       total 86016K, used 2085K [0x00000000a0000000, 0x00000000a5400000, 0x00000000e0000000)
  object space 86016K, 2% used [0x00000000a0000000,0x00000000a0209540,0x00000000a5400000)
 Metaspace       used 15374K, capacity 15868K, committed 16000K, reserved 1062912K
  class space    used 2176K, capacity 2332K, committed 2432K, reserved 1048576K

Card table byte_map: [0x0000000011f10000,0x0000000012220000] byte_map_base: 0x0000000011a10000

Marking Bits: (ParMarkBitMap*) 0x0000000065459f30
 Begin Bits: [0x0000000012c20000, 0x0000000014420000)
 End Bits:   [0x0000000014420000, 0x0000000015c20000)

Polling page: 0x0000000000720000

CodeCache: size=245760Kb used=5082Kb max_used=5097Kb free=240677Kb
 bounds [0x0000000002b50000, 0x0000000003050000, 0x0000000011b50000]
 total_blobs=1825 nmethods=1435 adapters=303
 compilation: enabled

Compilation events (10 events):
Event: 2.619 Thread 0x0000000018717000 1434   !   4       java.net.URLClassLoader$1::run (63 bytes)
Event: 2.627 Thread 0x0000000018778000 1436       3       java.nio.HeapByteBuffer::ix (7 bytes)
Event: 2.627 Thread 0x0000000018778000 nmethod 1436 0x0000000003046e50 code [0x0000000003046fa0, 0x00000000030470f0]
Event: 2.634 Thread 0x0000000018778000 1437       3       java.lang.ClassLoader::addClass (9 bytes)
Event: 2.635 Thread 0x0000000018778000 nmethod 1437 0x0000000003047150 code [0x00000000030472c0, 0x00000000030474e8]
Event: 2.636 Thread 0x0000000018775000 1438   !   4       java.util.concurrent.ConcurrentHashMap::putVal (362 bytes)
Event: 2.642 Thread 0x0000000018778000 1439       3       java.lang.StringBuilder::append (10 bytes)
Event: 2.642 Thread 0x0000000018778000 nmethod 1439 0x0000000003047590 code [0x0000000003047700, 0x0000000003047888]
Event: 2.642 Thread 0x0000000018778000 1440       1       com.google.common.io.LineReader::access$000 (5 bytes)
Event: 2.643 Thread 0x0000000018778000 nmethod 1440 0x0000000003047910 code [0x0000000003047a60, 0x0000000003047b50]

GC Heap History (6 events):
Event: 0.717 GC heap before
{Heap before GC invocations=1 (full 0):
 PSYoungGen      total 37888K, used 32768K [0x00000000e0000000, 0x00000000e2a00000, 0x0000000100000000)
  eden space 32768K, 100% used [0x00000000e0000000,0x00000000e2000000,0x00000000e2000000)
  from space 5120K, 0% used [0x00000000e2500000,0x00000000e2500000,0x00000000e2a00000)
  to   space 5120K, 0% used [0x00000000e2000000,0x00000000e2000000,0x00000000e2500000)
 ParOldGen       total 86016K, used 0K [0x00000000a0000000, 0x00000000a5400000, 0x00000000e0000000)
  object space 86016K, 0% used [0x00000000a0000000,0x00000000a0000000,0x00000000a5400000)
 Metaspace       used 7016K, capacity 7260K, committed 7424K, reserved 1056768K
  class space    used 855K, capacity 912K, committed 1024K, reserved 1048576K
Event: 0.722 GC heap after
Heap after GC invocations=1 (full 0):
 PSYoungGen      total 37888K, used 4558K [0x00000000e0000000, 0x00000000e2a00000, 0x0000000100000000)
  eden space 32768K, 0% used [0x00000000e0000000,0x00000000e0000000,0x00000000e2000000)
  from space 5120K, 89% used [0x00000000e2000000,0x00000000e24739b0,0x00000000e2500000)
  to   space 5120K, 0% used [0x00000000e2500000,0x00000000e2500000,0x00000000e2a00000)
 ParOldGen       total 86016K, used 8K [0x00000000a0000000, 0x00000000a5400000, 0x00000000e0000000)
  object space 86016K, 0% used [0x00000000a0000000,0x00000000a0002000,0x00000000a5400000)
 Metaspace       used 7016K, capacity 7260K, committed 7424K, reserved 1056768K
  class space    used 855K, capacity 912K, committed 1024K, reserved 1048576K
}
Event: 1.039 GC heap before
{Heap before GC invocations=2 (full 0):
 PSYoungGen      total 37888K, used 37326K [0x00000000e0000000, 0x00000000e2a00000, 0x0000000100000000)
  eden space 32768K, 100% used [0x00000000e0000000,0x00000000e2000000,0x00000000e2000000)
  from space 5120K, 89% used [0x00000000e2000000,0x00000000e24739b0,0x00000000e2500000)
  to   space 5120K, 0% used [0x00000000e2500000,0x00000000e2500000,0x00000000e2a00000)
 ParOldGen       total 86016K, used 8K [0x00000000a0000000, 0x00000000a5400000, 0x00000000e0000000)
  object space 86016K, 0% used [0x00000000a0000000,0x00000000a0002000,0x00000000a5400000)
 Metaspace       used 8764K, capacity 9014K, committed 9216K, reserved 1056768K
  class space    used 1131K, capacity 1177K, committed 1280K, reserved 1048576K
Event: 1.044 GC heap after
Heap after GC invocations=2 (full 0):
 PSYoungGen      total 37888K, used 4788K [0x00000000e0000000, 0x00000000e2a00000, 0x0000000100000000)
  eden space 32768K, 0% used [0x00000000e0000000,0x00000000e0000000,0x00000000e2000000)
  from space 5120K, 93% used [0x00000000e2500000,0x00000000e29ad200,0x00000000e2a00000)
  to   space 5120K, 0% used [0x00000000e2000000,0x00000000e2000000,0x00000000e2500000)
 ParOldGen       total 86016K, used 16K [0x00000000a0000000, 0x00000000a5400000, 0x00000000e0000000)
  object space 86016K, 0% used [0x00000000a0000000,0x00000000a0004000,0x00000000a5400000)
 Metaspace       used 8764K, capacity 9014K, committed 9216K, reserved 1056768K
  class space    used 1131K, capacity 1177K, committed 1280K, reserved 1048576K
}
Event: 2.475 GC heap before
{Heap before GC invocations=3 (full 0):
 PSYoungGen      total 37888K, used 37556K [0x00000000e0000000, 0x00000000e2a00000, 0x0000000100000000)
  eden space 32768K, 100% used [0x00000000e0000000,0x00000000e2000000,0x00000000e2000000)
  from space 5120K, 93% used [0x00000000e2500000,0x00000000e29ad200,0x00000000e2a00000)
  to   space 5120K, 0% used [0x00000000e2000000,0x00000000e2000000,0x00000000e2500000)
 ParOldGen       total 86016K, used 16K [0x00000000a0000000, 0x00000000a5400000, 0x00000000e0000000)
  object space 86016K, 0% used [0x00000000a0000000,0x00000000a0004000,0x00000000a5400000)
 Metaspace       used 13301K, capacity 13772K, committed 14080K, reserved 1060864K
  class space    used 1830K, capacity 1970K, committed 2048K, reserved 1048576K
Event: 2.481 GC heap after
Heap after GC invocations=3 (full 0):
 PSYoungGen      total 37888K, used 5113K [0x00000000e0000000, 0x00000000e2a00000, 0x0000000100000000)
  eden space 32768K, 0% used [0x00000000e0000000,0x00000000e0000000,0x00000000e2000000)
  from space 5120K, 99% used [0x00000000e2000000,0x00000000e24fe620,0x00000000e2500000)
  to   space 5120K, 0% used [0x00000000e2500000,0x00000000e2500000,0x00000000e2a00000)
 ParOldGen       total 86016K, used 2085K [0x00000000a0000000, 0x00000000a5400000, 0x00000000e0000000)
  object space 86016K, 2% used [0x00000000a0000000,0x00000000a0209540,0x00000000a5400000)
 Metaspace       used 13301K, capacity 13772K, committed 14080K, reserved 1060864K
  class space    used 1830K, capacity 1970K, committed 2048K, reserved 1048576K
}

Deoptimization events (10 events):
Event: 2.363 Thread 0x000000001ab50800 Uncommon trap: reason=bimorphic action=maybe_recompile pc=0x0000000002dc77f4 method=java.util.HashMap.putVal(ILjava/lang/Object;Ljava/lang/Object;ZZ)Ljava/lang/Object; @ 253
Event: 2.364 Thread 0x000000001ab50800 Uncommon trap: reason=bimorphic action=maybe_recompile pc=0x0000000002dc77f4 method=java.util.HashMap.putVal(ILjava/lang/Object;Ljava/lang/Object;ZZ)Ljava/lang/Object; @ 253
Event: 2.364 Thread 0x000000001ab50800 Uncommon trap: reason=bimorphic action=maybe_recompile pc=0x0000000002dc77f4 method=java.util.HashMap.putVal(ILjava/lang/Object;Ljava/lang/Object;ZZ)Ljava/lang/Object; @ 253
Event: 2.364 Thread 0x000000001ab50800 Uncommon trap: reason=bimorphic action=maybe_recompile pc=0x0000000002dc77f4 method=java.util.HashMap.putVal(ILjava/lang/Object;Ljava/lang/Object;ZZ)Ljava/lang/Object; @ 253
Event: 2.364 Thread 0x000000001ab50800 Uncommon trap: reason=bimorphic action=maybe_recompile pc=0x0000000002dbf784 method=java.util.HashMap.putVal(ILjava/lang/Object;Ljava/lang/Object;ZZ)Ljava/lang/Object; @ 253
Event: 2.487 Thread 0x000000001ab50800 Uncommon trap: reason=class_check action=maybe_recompile pc=0x0000000002e166d8 method=java.util.regex.Matcher.match(II)Z @ 86
Event: 2.494 Thread 0x000000001ab50800 Uncommon trap: reason=class_check action=maybe_recompile pc=0x0000000002e166d8 method=java.util.regex.Matcher.match(II)Z @ 86
Event: 2.495 Thread 0x000000001ab50800 Uncommon trap: reason=class_check action=maybe_recompile pc=0x0000000002e166d8 method=java.util.regex.Matcher.match(II)Z @ 86
Event: 2.495 Thread 0x000000001ab50800 Uncommon trap: reason=class_check action=maybe_recompile pc=0x0000000002dddbdc method=java.util.regex.Matcher.match(II)Z @ 86
Event: 2.635 Thread 0x000000001ab50800 Uncommon trap: reason=unstable_if action=reinterpret pc=0x0000000002efd8b4 method=java.lang.String.lastIndexOf([CII[CIII)I @ 66

Classes redefined (0 events):
No events

Internal exceptions (10 events):
Event: 2.321 Thread 0x000000001a573800 Exception <a 'java/lang/NoSuchMethodError': <clinit>> (0x00000000e0b03ea8) thrown at [D:\src\AOSP-openjdk-cygwin\jdk8u\hotspot\src\share\vm\prims\jni.cpp, line 1614]
Event: 2.323 Thread 0x000000001a573800 Exception <a 'java/lang/NoSuchMethodError': <clinit>> (0x00000000e0b17088) thrown at [D:\src\AOSP-openjdk-cygwin\jdk8u\hotspot\src\share\vm\prims\jni.cpp, line 1614]
Event: 2.326 Thread 0x000000001a573800 Exception <a 'java/lang/NoSuchMethodError': <clinit>> (0x00000000e0b3e450) thrown at [D:\src\AOSP-openjdk-cygwin\jdk8u\hotspot\src\share\vm\prims\jni.cpp, line 1614]
Event: 2.327 Thread 0x000000001a573800 Exception <a 'java/lang/NoSuchMethodError': <clinit>> (0x00000000e0b56440) thrown at [D:\src\AOSP-openjdk-cygwin\jdk8u\hotspot\src\share\vm\prims\jni.cpp, line 1614]
Event: 2.327 Thread 0x000000001a573800 Exception <a 'java/lang/NoSuchMethodError': <clinit>> (0x00000000e0b5f0d0) thrown at [D:\src\AOSP-openjdk-cygwin\jdk8u\hotspot\src\share\vm\prims\jni.cpp, line 1614]
Event: 2.329 Thread 0x000000001a573800 Exception <a 'java/lang/NoSuchMethodError': <clinit>> (0x00000000e0b75650) thrown at [D:\src\AOSP-openjdk-cygwin\jdk8u\hotspot\src\share\vm\prims\jni.cpp, line 1614]
Event: 2.336 Thread 0x000000001a573800 Exception <a 'java/lang/NoSuchMethodError': <clinit>> (0x00000000e0bd5e50) thrown at [D:\src\AOSP-openjdk-cygwin\jdk8u\hotspot\src\share\vm\prims\jni.cpp, line 1614]
Event: 2.340 Thread 0x000000001a573800 Exception <a 'java/lang/NoSuchMethodError': <clinit>> (0x00000000e0c02b10) thrown at [D:\src\AOSP-openjdk-cygwin\jdk8u\hotspot\src\share\vm\prims\jni.cpp, line 1614]
Event: 2.344 Thread 0x000000001a573800 Exception <a 'java/lang/NoSuchMethodError': <clinit>> (0x00000000e0c31378) thrown at [D:\src\AOSP-openjdk-cygwin\jdk8u\hotspot\src\share\vm\prims\jni.cpp, line 1614]
Event: 2.344 Thread 0x000000001a573800 Exception <a 'java/lang/NoSuchMethodError': <clinit>> (0x00000000e0c3c678) thrown at [D:\src\AOSP-openjdk-cygwin\jdk8u\hotspot\src\share\vm\prims\jni.cpp, line 1614]

Events (10 events):
Event: 2.643 loading class org/gradle/configuration/DefaultImportsReader$2
Event: 2.643 loading class org/gradle/configuration/DefaultImportsReader$2 done
Event: 2.643 loading class org/apache/commons/lang/StringUtils
Event: 2.643 loading class org/apache/commons/lang/StringUtils done
Event: 2.647 loading class com/google/common/base/Splitter
Event: 2.647 loading class com/google/common/base/Splitter done
Event: 2.647 loading class com/google/common/base/Splitter$Strategy
Event: 2.647 loading class com/google/common/base/Splitter$Strategy done
Event: 2.647 loading class com/google/common/base/CharMatcher
Event: 2.647 loading class com/google/common/base/CharMatcher done


Dynamic libraries:
0x00007ff665870000 - 0x00007ff6658a1000 	C:\Program Files\Android\Android Studio\jre\bin\java.exe
0x00007ffbad120000 - 0x00007ffbad310000 	C:\WINDOWS\SYSTEM32\ntdll.dll
0x00007ffbac6c0000 - 0x00007ffbac772000 	C:\WINDOWS\System32\KERNEL32.DLL
0x00007ffbaa830000 - 0x00007ffbaaad3000 	C:\WINDOWS\System32\KERNELBASE.dll
0x00007ffbac990000 - 0x00007ffbaca33000 	C:\WINDOWS\System32\ADVAPI32.dll
0x00007ffbac8e0000 - 0x00007ffbac97e000 	C:\WINDOWS\System32\msvcrt.dll
0x00007ffbaca40000 - 0x00007ffbacad7000 	C:\WINDOWS\System32\sechost.dll
0x00007ffbab260000 - 0x00007ffbab380000 	C:\WINDOWS\System32\RPCRT4.dll
0x00007ffbabe30000 - 0x00007ffbabfc4000 	C:\WINDOWS\System32\USER32.dll
0x00007ffbab1a0000 - 0x00007ffbab1c1000 	C:\WINDOWS\System32\win32u.dll
0x00007ffbabb70000 - 0x00007ffbabb96000 	C:\WINDOWS\System32\GDI32.dll
0x00007ffbaaf20000 - 0x00007ffbab0b4000 	C:\WINDOWS\System32\gdi32full.dll
0x00007ffbaadd0000 - 0x00007ffbaae6e000 	C:\WINDOWS\System32\msvcp_win.dll
0x00007ffbaab00000 - 0x00007ffbaabfa000 	C:\WINDOWS\System32\ucrtbase.dll
0x00007ffb953a0000 - 0x00007ffb95625000 	C:\WINDOWS\WinSxS\amd64_microsoft.windows.common-controls_6595b64144ccf1df_6.0.18362.720_none_e6beb5c51314836b\COMCTL32.dll
0x00007ffbacb60000 - 0x00007ffbace96000 	C:\WINDOWS\System32\combase.dll
0x00007ffbaac00000 - 0x00007ffbaac80000 	C:\WINDOWS\System32\bcryptPrimitives.dll
0x00007ffbacf10000 - 0x00007ffbacf3e000 	C:\WINDOWS\System32\IMM32.DLL
0x0000000064ad0000 - 0x0000000064ba2000 	C:\Program Files\Android\Android Studio\jre\jre\bin\msvcr100.dll
0x0000000064c90000 - 0x00000000654d6000 	C:\Program Files\Android\Android Studio\jre\jre\bin\server\jvm.dll
0x00007ffbab250000 - 0x00007ffbab258000 	C:\WINDOWS\System32\PSAPI.DLL
0x00007ffba6130000 - 0x00007ffba6139000 	C:\WINDOWS\SYSTEM32\WSOCK32.dll
0x00007ffbacea0000 - 0x00007ffbacf0f000 	C:\WINDOWS\System32\WS2_32.dll
0x00007ffba61e0000 - 0x00007ffba6204000 	C:\WINDOWS\SYSTEM32\WINMM.dll
0x00007ffba4820000 - 0x00007ffba482a000 	C:\WINDOWS\SYSTEM32\VERSION.dll
0x00007ffba61b0000 - 0x00007ffba61dd000 	C:\WINDOWS\SYSTEM32\winmmbase.dll
0x00007ffbab150000 - 0x00007ffbab19a000 	C:\WINDOWS\System32\cfgmgr32.dll
0x00007ffba2e80000 - 0x00007ffba2e8f000 	C:\Program Files\Android\Android Studio\jre\jre\bin\verify.dll
0x00007ffb98340000 - 0x00007ffb98369000 	C:\Program Files\Android\Android Studio\jre\jre\bin\java.dll
0x00007ffba13f0000 - 0x00007ffba1406000 	C:\Program Files\Android\Android Studio\jre\jre\bin\zip.dll
0x00007ffbabfd0000 - 0x00007ffbac6b5000 	C:\WINDOWS\System32\SHELL32.dll
0x00007ffbaba60000 - 0x00007ffbabb09000 	C:\WINDOWS\System32\shcore.dll
0x00007ffbaa0b0000 - 0x00007ffbaa830000 	C:\WINDOWS\System32\windows.storage.dll
0x00007ffba9ff0000 - 0x00007ffbaa013000 	C:\WINDOWS\System32\profapi.dll
0x00007ffbaa060000 - 0x00007ffbaa0aa000 	C:\WINDOWS\System32\powrprof.dll
0x00007ffba9fe0000 - 0x00007ffba9ff0000 	C:\WINDOWS\System32\UMPDC.dll
0x00007ffbab380000 - 0x00007ffbab3d2000 	C:\WINDOWS\System32\shlwapi.dll
0x00007ffbaa040000 - 0x00007ffbaa051000 	C:\WINDOWS\System32\kernel.appcore.dll
0x00007ffbaaae0000 - 0x00007ffbaaaf7000 	C:\WINDOWS\System32\cryptsp.dll
0x00007ffb9d7a0000 - 0x00007ffb9d7ba000 	C:\Program Files\Android\Android Studio\jre\jre\bin\net.dll
0x00007ffba97a0000 - 0x00007ffba9807000 	C:\WINDOWS\system32\mswsock.dll
0x00007ffb98df0000 - 0x00007ffb98e01000 	C:\Program Files\Android\Android Studio\jre\jre\bin\nio.dll
0x00007ffb7d860000 - 0x00007ffb7d886000 	C:\Users\J\.gradle\native\29\windows-amd64\native-platform.dll
0x00007ffba2e60000 - 0x00007ffba2e6d000 	C:\Program Files\Android\Android Studio\jre\jre\bin\management.dll
0x00007ffba9320000 - 0x00007ffba9353000 	C:\WINDOWS\system32\rsaenh.dll
0x00007ffbab120000 - 0x00007ffbab146000 	C:\WINDOWS\System32\bcrypt.dll
0x00007ffba9f00000 - 0x00007ffba9f25000 	C:\WINDOWS\SYSTEM32\USERENV.dll
0x00007ffba9920000 - 0x00007ffba992c000 	C:\WINDOWS\SYSTEM32\CRYPTBASE.dll
0x00007ffba94c0000 - 0x00007ffba94fa000 	C:\WINDOWS\SYSTEM32\IPHLPAPI.DLL
0x00007ffbac980000 - 0x00007ffbac988000 	C:\WINDOWS\System32\NSI.dll
0x00007ffba1860000 - 0x00007ffba1876000 	C:\WINDOWS\SYSTEM32\dhcpcsvc6.DLL
0x00007ffba1760000 - 0x00007ffba177c000 	C:\WINDOWS\SYSTEM32\dhcpcsvc.DLL
0x00007ffba9500000 - 0x00007ffba95ca000 	C:\WINDOWS\SYSTEM32\DNSAPI.dll

VM Arguments:
jvm_args: -Xmx1536m -Dfile.encoding=x-windows-949 -Duser.country=KR -Duser.language=ko -Duser.variant 
java_command: org.gradle.launcher.daemon.bootstrap.GradleDaemon 5.4.1
java_class_path (initial): C:\Users\J\.gradle\wrapper\dists\gradle-5.4.1-all\3221gyojl5jsh0helicew7rwx\gradle-5.4.1\lib\gradle-launcher-5.4.1.jar
Launcher Type: SUN_STANDARD

Environment Variables:
JAVA_HOME=C:\Program Files\Java\jdk-13.0.1
PATH=C:\Users\J\Documents\apache-maven-3.6.2-bin\bin;C:\Program Files\Java\jdk-13.0.1;C:\Program Files\Java\jdk-13.0.1\bin;C:\Program Files (x86)\Intel\Intel(R) Management Engine Components\iCLS\;C:\Program Files\Intel\Intel(R) Management Engine Components\iCLS\;C:\WINDOWS\system32;C:\WINDOWS;C:\WINDOWS\System32\Wbem;C:\WINDOWS\System32\WindowsPowerShell\v1.0\;C:\WINDOWS\System32\OpenSSH\;C:\Program Files (x86)\Intel\Intel(R) Management Engine Components\DAL;C:\Program Files\Intel\Intel(R) Management Engine Components\DAL;C:\Program Files\PuTTY\;C:\Users\J\Downloads;C:\Program Files\Git\cmd;C:\Program Files\MySQL\MySQL Shell 8.0\bin\;C:\Users\J\AppData\Local\Microsoft\WindowsApps;C:\Users\J\AppData\Local\atom\bin;C:\Users\J\AppData\Local\GitHubDesktop\bin
USERNAME=J
OS=Windows_NT
PROCESSOR_IDENTIFIER=Intel64 Family 6 Model 142 Stepping 11, GenuineIntel



---------------  S Y S T E M  ---------------

OS: Windows 10.0 , 64 bit Build 18362 (10.0.18362.329)

CPU:total 8 (initial active 8) (4 cores per cpu, 2 threads per core) family 6 model 142 stepping 11, cmov, cx8, fxsr, mmx, sse, sse2, sse3, ssse3, sse4.1, sse4.2, popcnt, avx, avx2, aes, clmul, erms, 3dnowpref, lzcnt, ht, tsc, tscinvbit, bmi1, bmi2, adx

Memory: 4k page, physical 8177696k(1565432k free), swap 10117152k(5356k free)

vm_info: OpenJDK 64-Bit Server VM (25.202-b03) for windows-amd64 JRE (1.8.0_202-release-1483-b03), built by "builder" with MS VC++ 10.0 (VS2010)

time: Fri Apr 10 15:59:56 2020
timezone: 대한민국 표준시
elapsed time: 2 seconds (0d 0h 0m 2s)

