#
# There is insufficient memory for the Java Runtime Environment to continue.
# Native memory allocation (malloc) failed to allocate 1039696 bytes for Chunk::new
# Possible reasons:
#   The system is out of physical RAM or swap space
#   The process is running with CompressedOops enabled, and the Java Heap may be blocking the growth of the native heap
# Possible solutions:
#   Reduce memory load on the system
#   Increase physical memory or swap space
#   Check if swap backing store is full
#   Decrease Java heap size (-Xmx/-Xms)
#   Decrease number of Java threads
#   Decrease Java thread stack sizes (-Xss)
#   Set larger code cache with -XX:ReservedCodeCacheSize=
#   JVM is running with Unscaled Compressed Oops mode in which the Java heap is
#     placed in the first 4GB address space. The Java Heap base address is the
#     maximum limit for the native heap growth. Please use -XX:HeapBaseMinAddress
#     to set the Java Heap base and to place the Java Heap above 4GB virtual address.
# This output file may be truncated or incomplete.
#
#  Out of Memory Error (allocation.cpp:389), pid=18292, tid=0x0000000000002a48
#
# JRE version: OpenJDK Runtime Environment (8.0_202-b03) (build 1.8.0_202-release-1483-b03)
# Java VM: OpenJDK 64-Bit Server VM (25.202-b03 mixed mode windows-amd64 compressed oops)
# Failed to write core dump. Minidumps are not enabled by default on client versions of Windows
#

---------------  T H R E A D  ---------------

Current thread (0x0000000018831800):  JavaThread "C2 CompilerThread2" daemon [_thread_in_native, id=10824, stack(0x00000000191f0000,0x00000000192f0000)]

Stack: [0x00000000191f0000,0x00000000192f0000]
[error occurred during error reporting (printing stack bounds), id 0xc0000005]

Native frames: (J=compiled Java code, j=interpreted, Vv=VM code, C=native code)


Current CompileTask:
C2:  12910 7765       4       org.objectweb.asm.commons.ClassRemapper::visitMethod (76 bytes)


---------------  P R O C E S S  ---------------

Java Threads: ( => current thread )
  0x000000001f8f2800 JavaThread "Memory manager" [_thread_blocked, id=19860, stack(0x0000000024020000,0x0000000024120000)]
  0x000000001f8f2000 JavaThread "Cache worker for Build Output Cleanup Cache (C:\Users\J\Downloads\DailyRecord\.gradle\buildOutputCleanup)" [_thread_in_native, id=7824, stack(0x0000000022340000,0x0000000022440000)]
  0x000000001f8f8800 JavaThread "Build operations Thread 8" [_thread_in_native, id=5728, stack(0x0000000023120000,0x0000000023220000)]
  0x000000001f8f1000 JavaThread "Build operations Thread 7" [_thread_in_Java, id=17444, stack(0x0000000023020000,0x0000000023120000)]
  0x000000001f8f8000 JavaThread "Build operations Thread 6" [_thread_blocked, id=4176, stack(0x0000000022f20000,0x0000000023020000)]
  0x000000001f8f7000 JavaThread "Build operations Thread 5" [_thread_in_native, id=17904, stack(0x0000000022e20000,0x0000000022f20000)]
  0x000000001f8f5800 JavaThread "Build operations Thread 4" [_thread_in_native, id=400, stack(0x0000000022d20000,0x0000000022e20000)]
  0x000000001f8f0800 JavaThread "Build operations Thread 3" [_thread_in_Java, id=17464, stack(0x0000000022c20000,0x0000000022d20000)]
  0x000000001f8f5000 JavaThread "Build operations Thread 2" [_thread_in_native, id=14720, stack(0x0000000022b20000,0x0000000022c20000)]
  0x000000001f8f4000 JavaThread "Build operations" [_thread_in_Java, id=18776, stack(0x0000000020c70000,0x0000000020d70000)]
  0x000000001a76d000 JavaThread "Cache worker for execution history cache (C:\Users\J\.gradle\caches\5.4.1\executionHistory)" [_thread_blocked, id=15824, stack(0x0000000021fb0000,0x00000000220b0000)]
  0x000000001a76a800 JavaThread "Cache worker for cache directory md-rule (C:\Users\J\.gradle\caches\5.4.1\md-rule)" [_thread_blocked, id=15272, stack(0x000000001f740000,0x000000001f840000)]
  0x000000001a769000 JavaThread "Cache worker for cache directory md-supplier (C:\Users\J\.gradle\caches\5.4.1\md-supplier)" [_thread_blocked, id=3772, stack(0x000000001f410000,0x000000001f510000)]
  0x000000001a76c000 JavaThread "Cache worker for file hash cache (C:\Users\J\Downloads\DailyRecord\.gradle\5.4.1\fileHashes)" [_thread_blocked, id=20204, stack(0x000000001f310000,0x000000001f410000)]
  0x000000001a768800 JavaThread "Cache worker for journal cache (C:\Users\J\.gradle\caches\journal-1)" [_thread_blocked, id=18500, stack(0x000000001c0a0000,0x000000001c1a0000)]
  0x000000001a76b800 JavaThread "File lock request listener" [_thread_in_native, id=11576, stack(0x000000001bfa0000,0x000000001c0a0000)]
  0x000000001a266800 JavaThread "Cache worker for file hash cache (C:\Users\J\.gradle\caches\5.4.1\fileHashes)" [_thread_blocked, id=4892, stack(0x000000001bca0000,0x000000001bda0000)]
  0x000000001aa11800 JavaThread "Thread-9" [_thread_blocked, id=11932, stack(0x000000001bba0000,0x000000001bca0000)]
  0x000000001aa0a800 JavaThread "Stdin handler" [_thread_blocked, id=14756, stack(0x000000001baa0000,0x000000001bba0000)]
  0x000000001aa09800 JavaThread "Asynchronous log dispatcher for DefaultDaemonConnection: socket connection from /127.0.0.1:54860 to /127.0.0.1:54861" [_thread_blocked, id=4968, stack(0x000000001b9a0000,0x000000001baa0000)]
  0x000000001aafc000 JavaThread "Daemon worker" [_thread_in_native, id=15692, stack(0x000000001b8a0000,0x000000001b9a0000)]
  0x000000001aa05000 JavaThread "Cancel handler" [_thread_blocked, id=13768, stack(0x000000001b7a0000,0x000000001b8a0000)]
  0x0000000019882800 JavaThread "Handler for socket connection from /127.0.0.1:54860 to /127.0.0.1:54861" [_thread_in_native, id=6452, stack(0x000000001b4a0000,0x000000001b5a0000)]
  0x0000000019884000 JavaThread "Daemon" [_thread_blocked, id=13628, stack(0x000000001b3a0000,0x000000001b4a0000)]
  0x0000000019e59800 JavaThread "Daemon periodic checks" [_thread_blocked, id=11516, stack(0x000000001b2a0000,0x000000001b3a0000)]
  0x00000000198e4800 JavaThread "Incoming local TCP Connector on port 54860" [_thread_in_native, id=9892, stack(0x000000001b0c0000,0x000000001b1c0000)]
  0x000000001a93f000 JavaThread "Daemon health stats" [_thread_blocked, id=10940, stack(0x000000001adc0000,0x000000001aec0000)]
  0x0000000018917000 JavaThread "Service Thread" daemon [_thread_blocked, id=19268, stack(0x00000000193f0000,0x00000000194f0000)]
  0x0000000016a1b000 JavaThread "C1 CompilerThread3" daemon [_thread_blocked, id=1772, stack(0x00000000192f0000,0x00000000193f0000)]
=>0x0000000018831800 JavaThread "C2 CompilerThread2" daemon [_thread_in_native, id=10824, stack(0x00000000191f0000,0x00000000192f0000)]
  0x000000001882d800 JavaThread "C2 CompilerThread1" daemon [_thread_in_native, id=8092, stack(0x00000000190f0000,0x00000000191f0000)]
  0x000000001882a800 JavaThread "C2 CompilerThread0" daemon [_thread_in_native, id=10256, stack(0x0000000018ff0000,0x00000000190f0000)]
  0x0000000018888800 JavaThread "Attach Listener" daemon [_thread_blocked, id=11824, stack(0x0000000018ef0000,0x0000000018ff0000)]
  0x0000000018887000 JavaThread "Signal Dispatcher" daemon [_thread_blocked, id=14208, stack(0x0000000018df0000,0x0000000018ef0000)]
  0x0000000002c4c800 JavaThread "Finalizer" daemon [_thread_blocked, id=3688, stack(0x0000000018cf0000,0x0000000018df0000)]
  0x0000000018810800 JavaThread "Reference Handler" daemon [_thread_blocked, id=12752, stack(0x0000000018bf0000,0x0000000018cf0000)]
  0x000000000269e800 JavaThread "main" [_thread_blocked, id=7936, stack(0x0000000002a50000,0x0000000002b50000)]

Other Threads:
  0x0000000016a08800 VMThread [stack: 0x00000000186f0000,0x00000000187f0000] [id=16192]
  0x0000000018917800 WatcherThread [stack: 0x00000000194f0000,0x00000000195f0000] [id=20192]

VM state:not at safepoint (normal execution)

VM Mutex/Monitor currently owned by a thread: None

heap address: 0x00000000a0000000, size: 1536 MB, Compressed Oops mode: 32-bit
Narrow klass base: 0x0000000000000000, Narrow klass shift: 3
Compressed class space size: 1073741824 Address: 0x0000000100000000

Heap:
 PSYoungGen      total 231936K, used 104103K [0x00000000e0000000, 0x00000000ef700000, 0x0000000100000000)
  eden space 210944K, 44% used [0x00000000e0000000,0x00000000e5c0da80,0x00000000ece00000)
  from space 20992K, 46% used [0x00000000ee200000,0x00000000eeb9c4b0,0x00000000ef680000)
  to   space 20480K, 0% used [0x00000000ece00000,0x00000000ece00000,0x00000000ee200000)
 ParOldGen       total 130560K, used 32520K [0x00000000a0000000, 0x00000000a7f80000, 0x00000000e0000000)
  object space 130560K, 24% used [0x00000000a0000000,0x00000000a1fc20b0,0x00000000a7f80000)
 Metaspace       used 63651K, capacity 66258K, committed 66304K, reserved 1105920K
  class space    used 8667K, capacity 9206K, committed 9216K, reserved 1048576K

Card table byte_map: [0x0000000012010000,0x0000000012320000] byte_map_base: 0x0000000011b10000

Marking Bits: (ParMarkBitMap*) 0x0000000065459f30
 Begin Bits: [0x0000000012d20000, 0x0000000014520000)
 End Bits:   [0x0000000014520000, 0x0000000015d20000)

Polling page: 0x0000000000d20000

CodeCache: size=245760Kb used=21318Kb max_used=21318Kb free=224441Kb
 bounds [0x0000000002c50000, 0x0000000004140000, 0x0000000011c50000]
 total_blobs=7597 nmethods=6785 adapters=723
 compilation: enabled

Compilation events (10 events):
Event: 12.897 Thread 0x0000000016a1b000 7857       1       org.gradle.internal.operations.DefaultBuildOperationExecutor$DefaultBuildOperationContext::setResult (6 bytes)
Event: 12.897 Thread 0x0000000016a1b000 nmethod 7857 0x0000000004138890 code [0x00000000041389e0, 0x0000000004138b10]
Event: 12.901 Thread 0x0000000016a1b000 7858 %     3       java.util.HashMap::resize @ 238 (359 bytes)
Event: 12.904 Thread 0x0000000016a1b000 nmethod 7858% 0x0000000004138b90 code [0x0000000004138e00, 0x000000000413a1e8]
Event: 12.904 Thread 0x0000000016a1b000 7859       2       org.gradle.api.internal.artifacts.ivyservice.resolutionstrategy.DefaultCachePolicy$AbstractResolutionControl::<init> (8 bytes)
Event: 12.904 Thread 0x0000000016a1b000 nmethod 7859 0x000000000413aad0 code [0x000000000413ac20, 0x000000000413add0]
Event: 12.904 Thread 0x0000000016a1b000 7860       2       org.gradle.internal.serialize.BaseSerializerFactory$StringSerializer::write (10 bytes)
Event: 12.904 Thread 0x0000000016a1b000 nmethod 7860 0x000000000413ae50 code [0x000000000413afc0, 0x000000000413b168]
Event: 12.905 Thread 0x0000000016a1b000 7861       1       org.gradle.internal.change.SummarizingChangeContainer$ChangeDetectingVisitor::isChangesDetected (5 bytes)
Event: 12.905 Thread 0x0000000016a1b000 nmethod 7861 0x000000000413b250 code [0x000000000413b3a0, 0x000000000413b4b0]

GC Heap History (10 events):
Event: 8.802 GC heap before
{Heap before GC invocations=15 (full 3):
 PSYoungGen      total 197632K, used 2778K [0x00000000e0000000, 0x00000000ee600000, 0x0000000100000000)
  eden space 178176K, 0% used [0x00000000e0000000,0x00000000e0000000,0x00000000eae00000)
  from space 19456K, 14% used [0x00000000ec100000,0x00000000ec3b6968,0x00000000ed400000)
  to   space 19456K, 0% used [0x00000000eae00000,0x00000000eae00000,0x00000000ec100000)
 ParOldGen       total 86016K, used 36676K [0x00000000a0000000, 0x00000000a5400000, 0x00000000e0000000)
  object space 86016K, 42% used [0x00000000a0000000,0x00000000a23d1140,0x00000000a5400000)
 Metaspace       used 56983K, capacity 59016K, committed 59096K, reserved 1099776K
  class space    used 7796K, capacity 8253K, committed 8320K, reserved 1048576K
Event: 9.040 GC heap after
Heap after GC invocations=15 (full 3):
 PSYoungGen      total 197632K, used 0K [0x00000000e0000000, 0x00000000ee600000, 0x0000000100000000)
  eden space 178176K, 0% used [0x00000000e0000000,0x00000000e0000000,0x00000000eae00000)
  from space 19456K, 0% used [0x00000000ec100000,0x00000000ec100000,0x00000000ed400000)
  to   space 19456K, 0% used [0x00000000eae00000,0x00000000eae00000,0x00000000ec100000)
 ParOldGen       total 130560K, used 32476K [0x00000000a0000000, 0x00000000a7f80000, 0x00000000e0000000)
  object space 130560K, 24% used [0x00000000a0000000,0x00000000a1fb73a0,0x00000000a7f80000)
 Metaspace       used 56949K, capacity 58902K, committed 59096K, reserved 1099776K
  class space    used 7785K, capacity 8234K, committed 8320K, reserved 1048576K
}
Event: 10.687 GC heap before
{Heap before GC invocations=16 (full 3):
 PSYoungGen      total 197632K, used 178176K [0x00000000e0000000, 0x00000000ee600000, 0x0000000100000000)
  eden space 178176K, 100% used [0x00000000e0000000,0x00000000eae00000,0x00000000eae00000)
  from space 19456K, 0% used [0x00000000ec100000,0x00000000ec100000,0x00000000ed400000)
  to   space 19456K, 0% used [0x00000000eae00000,0x00000000eae00000,0x00000000ec100000)
 ParOldGen       total 130560K, used 32476K [0x00000000a0000000, 0x00000000a7f80000, 0x00000000e0000000)
  object space 130560K, 24% used [0x00000000a0000000,0x00000000a1fb73a0,0x00000000a7f80000)
 Metaspace       used 62957K, capacity 65462K, committed 65664K, reserved 1105920K
  class space    used 8608K, capacity 9088K, committed 9088K, reserved 1048576K
Event: 10.699 GC heap after
Heap after GC invocations=16 (full 3):
 PSYoungGen      total 197632K, used 15385K [0x00000000e0000000, 0x00000000ef680000, 0x0000000100000000)
  eden space 178176K, 0% used [0x00000000e0000000,0x00000000e0000000,0x00000000eae00000)
  from space 19456K, 79% used [0x00000000eae00000,0x00000000ebd06780,0x00000000ec100000)
  to   space 20992K, 0% used [0x00000000ee200000,0x00000000ee200000,0x00000000ef680000)
 ParOldGen       total 130560K, used 32484K [0x00000000a0000000, 0x00000000a7f80000, 0x00000000e0000000)
  object space 130560K, 24% used [0x00000000a0000000,0x00000000a1fb93a0,0x00000000a7f80000)
 Metaspace       used 62957K, capacity 65462K, committed 65664K, reserved 1105920K
  class space    used 8608K, capacity 9088K, committed 9088K, reserved 1048576K
}
Event: 11.250 GC heap before
{Heap before GC invocations=17 (full 3):
 PSYoungGen      total 197632K, used 193561K [0x00000000e0000000, 0x00000000ef680000, 0x0000000100000000)
  eden space 178176K, 100% used [0x00000000e0000000,0x00000000eae00000,0x00000000eae00000)
  from space 19456K, 79% used [0x00000000eae00000,0x00000000ebd06780,0x00000000ec100000)
  to   space 20992K, 0% used [0x00000000ee200000,0x00000000ee200000,0x00000000ef680000)
 ParOldGen       total 130560K, used 32484K [0x00000000a0000000, 0x00000000a7f80000, 0x00000000e0000000)
  object space 130560K, 24% used [0x00000000a0000000,0x00000000a1fb93a0,0x00000000a7f80000)
 Metaspace       used 63328K, capacity 65906K, committed 66048K, reserved 1105920K
  class space    used 8647K, capacity 9164K, committed 9216K, reserved 1048576K
Event: 11.261 GC heap after
Heap after GC invocations=17 (full 3):
 PSYoungGen      total 231936K, used 10955K [0x00000000e0000000, 0x00000000ef700000, 0x0000000100000000)
  eden space 210944K, 0% used [0x00000000e0000000,0x00000000e0000000,0x00000000ece00000)
  from space 20992K, 52% used [0x00000000ee200000,0x00000000eecb2ef8,0x00000000ef680000)
  to   space 20480K, 0% used [0x00000000ece00000,0x00000000ece00000,0x00000000ee200000)
 ParOldGen       total 130560K, used 32492K [0x00000000a0000000, 0x00000000a7f80000, 0x00000000e0000000)
  object space 130560K, 24% used [0x00000000a0000000,0x00000000a1fbb3a0,0x00000000a7f80000)
 Metaspace       used 63328K, capacity 65906K, committed 66048K, reserved 1105920K
  class space    used 8647K, capacity 9164K, committed 9216K, reserved 1048576K
}
Event: 11.915 GC heap before
{Heap before GC invocations=18 (full 3):
 PSYoungGen      total 231936K, used 221899K [0x00000000e0000000, 0x00000000ef700000, 0x0000000100000000)
  eden space 210944K, 100% used [0x00000000e0000000,0x00000000ece00000,0x00000000ece00000)
  from space 20992K, 52% used [0x00000000ee200000,0x00000000eecb2ef8,0x00000000ef680000)
  to   space 20480K, 0% used [0x00000000ece00000,0x00000000ece00000,0x00000000ee200000)
 ParOldGen       total 130560K, used 32500K [0x00000000a0000000, 0x00000000a7f80000, 0x00000000e0000000)
  object space 130560K, 24% used [0x00000000a0000000,0x00000000a1fbd3b0,0x00000000a7f80000)
 Metaspace       used 63444K, capacity 66088K, committed 66304K, reserved 1105920K
  class space    used 8650K, capacity 9199K, committed 9216K, reserved 1048576K
Event: 11.929 GC heap after
Heap after GC invocations=18 (full 3):
 PSYoungGen      total 231424K, used 11724K [0x00000000e0000000, 0x00000000ef700000, 0x0000000100000000)
  eden space 210944K, 0% used [0x00000000e0000000,0x00000000e0000000,0x00000000ece00000)
  from space 20480K, 57% used [0x00000000ece00000,0x00000000ed973078,0x00000000ee200000)
  to   space 20992K, 0% used [0x00000000ee200000,0x00000000ee200000,0x00000000ef680000)
 ParOldGen       total 130560K, used 32508K [0x00000000a0000000, 0x00000000a7f80000, 0x00000000e0000000)
  object space 130560K, 24% used [0x00000000a0000000,0x00000000a1fbf3b0,0x00000000a7f80000)
 Metaspace       used 63444K, capacity 66088K, committed 66304K, reserved 1105920K
  class space    used 8650K, capacity 9199K, committed 9216K, reserved 1048576K
}
Event: 12.668 GC heap before
{Heap before GC invocations=19 (full 3):
 PSYoungGen      total 231424K, used 222668K [0x00000000e0000000, 0x00000000ef700000, 0x0000000100000000)
  eden space 210944K, 100% used [0x00000000e0000000,0x00000000ece00000,0x00000000ece00000)
  from space 20480K, 57% used [0x00000000ece00000,0x00000000ed973078,0x00000000ee200000)
  to   space 20992K, 0% used [0x00000000ee200000,0x00000000ee200000,0x00000000ef680000)
 ParOldGen       total 130560K, used 32512K [0x00000000a0000000, 0x00000000a7f80000, 0x00000000e0000000)
  object space 130560K, 24% used [0x00000000a0000000,0x00000000a1fc00b0,0x00000000a7f80000)
 Metaspace       used 63597K, capacity 66194K, committed 66304K, reserved 1105920K
  class space    used 8667K, capacity 9206K, committed 9216K, reserved 1048576K
Event: 12.678 GC heap after
Heap after GC invocations=19 (full 3):
 PSYoungGen      total 231936K, used 9841K [0x00000000e0000000, 0x00000000ef700000, 0x0000000100000000)
  eden space 210944K, 0% used [0x00000000e0000000,0x00000000e0000000,0x00000000ece00000)
  from space 20992K, 46% used [0x00000000ee200000,0x00000000eeb9c4b0,0x00000000ef680000)
  to   space 20480K, 0% used [0x00000000ece00000,0x00000000ece00000,0x00000000ee200000)
 ParOldGen       total 130560K, used 32520K [0x00000000a0000000, 0x00000000a7f80000, 0x00000000e0000000)
  object space 130560K, 24% used [0x00000000a0000000,0x00000000a1fc20b0,0x00000000a7f80000)
 Metaspace       used 63597K, capacity 66194K, committed 66304K, reserved 1105920K
  class space    used 8667K, capacity 9206K, committed 9216K, reserved 1048576K
}

Deoptimization events (10 events):
Event: 11.636 Thread 0x000000001aafc000 Uncommon trap: reason=unstable_if action=reinterpret pc=0x000000000353ce70 method=com.android.tools.build.jetifier.core.type.TypesMap.mapType(Lcom/android/tools/build/jetifier/core/type/JavaType;)Lcom/android/tools/build/jetifier/core/type/JavaType; @ 30
Event: 11.657 Thread 0x000000001f8f5800 Uncommon trap: reason=unstable_if action=reinterpret pc=0x00000000031c133c method=java.lang.Character.isHighSurrogate(C)Z @ 3
Event: 11.657 Thread 0x000000001f8f5800 Uncommon trap: reason=unstable_if action=reinterpret pc=0x0000000003841aac method=java.lang.Character.isHighSurrogate(C)Z @ 3
Event: 11.737 Thread 0x000000001a76d000 Uncommon trap: reason=unstable_if action=reinterpret pc=0x0000000002dc8764 method=com.esotericsoftware.kryo.io.Output.writeString(Ljava/lang/CharSequence;)V @ 50
Event: 11.742 Thread 0x000000001a76d000 Uncommon trap: reason=unstable_if action=reinterpret pc=0x0000000002fd9208 method=java.io.BufferedOutputStream.write([BII)V @ 6
Event: 11.743 Thread 0x000000001a76d000 Uncommon trap: reason=unstable_if action=reinterpret pc=0x0000000003094150 method=java.io.BufferedOutputStream.write([BII)V @ 6
Event: 11.889 Thread 0x000000001f8f5800 Uncommon trap: reason=unstable_if action=reinterpret pc=0x00000000038014b0 method=java.util.HashMap.putVal(ILjava/lang/Object;Ljava/lang/Object;ZZ)Ljava/lang/Object; @ 162
Event: 11.902 Thread 0x000000001f8f5800 Uncommon trap: reason=unstable_if action=reinterpret pc=0x0000000002f1263c method=java.util.HashMap.resize()[Ljava/util/HashMap$Node; @ 206
Event: 11.949 Thread 0x000000001f8f8800 Uncommon trap: reason=unstable_if action=reinterpret pc=0x0000000003f269c4 method=com.google.common.collect.MapMakerInternalMap$Segment.drainKeyReferenceQueue(Ljava/lang/ref/ReferenceQueue;)V @ 8
Event: 12.638 Thread 0x000000001f8f8800 Uncommon trap: reason=null_check action=make_not_entrant pc=0x0000000003c72aec method=org.objectweb.asm.commons.MethodRemapper.remapEntries(I[Ljava/lang/Object;)[Ljava/lang/Object; @ 14

Classes redefined (0 events):
No events

Internal exceptions (10 events):
Event: 12.764 Thread 0x000000001f8f8800 Exception <a 'sun/nio/fs/WindowsException'> (0x00000000e38cb440) thrown at [D:\src\AOSP-openjdk-cygwin\jdk8u\hotspot\src\share\vm\prims\jni.cpp, line 710]
Event: 12.764 Thread 0x000000001f8f8800 Exception <a 'sun/nio/fs/WindowsException'> (0x00000000e38cc240) thrown at [D:\src\AOSP-openjdk-cygwin\jdk8u\hotspot\src\share\vm\prims\jni.cpp, line 710]
Event: 12.800 Thread 0x000000001aafc000 Exception <a 'sun/nio/fs/WindowsException'> (0x00000000e4c3ad90) thrown at [D:\src\AOSP-openjdk-cygwin\jdk8u\hotspot\src\share\vm\prims\jni.cpp, line 710]
Event: 12.801 Thread 0x000000001aafc000 Exception <a 'sun/nio/fs/WindowsException'> (0x00000000e4c3c4b8) thrown at [D:\src\AOSP-openjdk-cygwin\jdk8u\hotspot\src\share\vm\prims\jni.cpp, line 710]
Event: 12.801 Thread 0x000000001aafc000 Exception <a 'sun/nio/fs/WindowsException'> (0x00000000e4c3fb60) thrown at [D:\src\AOSP-openjdk-cygwin\jdk8u\hotspot\src\share\vm\prims\jni.cpp, line 710]
Event: 12.802 Thread 0x000000001aafc000 Exception <a 'sun/nio/fs/WindowsException'> (0x00000000e4c42048) thrown at [D:\src\AOSP-openjdk-cygwin\jdk8u\hotspot\src\share\vm\prims\jni.cpp, line 710]
Event: 12.805 Thread 0x000000001f8f4000 Exception <a 'sun/nio/fs/WindowsException'> (0x00000000e4f35d70) thrown at [D:\src\AOSP-openjdk-cygwin\jdk8u\hotspot\src\share\vm\prims\jni.cpp, line 710]
Event: 12.805 Thread 0x000000001f8f4000 Exception <a 'sun/nio/fs/WindowsException'> (0x00000000e4f36910) thrown at [D:\src\AOSP-openjdk-cygwin\jdk8u\hotspot\src\share\vm\prims\jni.cpp, line 710]
Event: 12.805 Thread 0x000000001f8f4000 Exception <a 'sun/nio/fs/WindowsException'> (0x00000000e4f37d68) thrown at [D:\src\AOSP-openjdk-cygwin\jdk8u\hotspot\src\share\vm\prims\jni.cpp, line 710]
Event: 12.806 Thread 0x000000001f8f4000 Exception <a 'sun/nio/fs/WindowsException'> (0x00000000e4f38b68) thrown at [D:\src\AOSP-openjdk-cygwin\jdk8u\hotspot\src\share\vm\prims\jni.cpp, line 710]

Events (10 events):
Event: 12.652 Thread 0x0000000016a1b000 flushing nmethod 0x0000000003b82c50
Event: 12.654 Thread 0x0000000016a1b000 flushing nmethod 0x0000000003f1ef10
Event: 12.654 Thread 0x0000000016a1b000 flushing nmethod 0x0000000003f207d0
Event: 12.654 Thread 0x0000000016a1b000 flushing nmethod 0x0000000003f24110
Event: 12.654 Thread 0x0000000016a1b000 flushing nmethod 0x0000000003f25b90
Event: 12.654 Thread 0x0000000016a1b000 flushing nmethod 0x0000000003f2a490
Event: 12.668 Executing VM operation: ParallelGCFailedAllocation
Event: 12.678 Executing VM operation: ParallelGCFailedAllocation done
Event: 12.752 Thread 0x000000001f8f8800 DEOPT PACKING pc=0x0000000004042dc1 sp=0x000000002321bba0
Event: 12.752 Thread 0x000000001f8f8800 DEOPT UNPACKING pc=0x0000000002c975d0 sp=0x000000002321b8d0 mode 0


Dynamic libraries:
0x00007ff665870000 - 0x00007ff6658a1000 	C:\Program Files\Android\Android Studio\jre\bin\java.exe
0x00007ffbad120000 - 0x00007ffbad310000 	C:\WINDOWS\SYSTEM32\ntdll.dll
0x00007ffbac6c0000 - 0x00007ffbac772000 	C:\WINDOWS\System32\KERNEL32.DLL
0x00007ffbaa830000 - 0x00007ffbaaad3000 	C:\WINDOWS\System32\KERNELBASE.dll
0x00007ffbac990000 - 0x00007ffbaca33000 	C:\WINDOWS\System32\ADVAPI32.dll
0x00007ffbac8e0000 - 0x00007ffbac97e000 	C:\WINDOWS\System32\msvcrt.dll
0x00007ffbaca40000 - 0x00007ffbacad7000 	C:\WINDOWS\System32\sechost.dll
0x00007ffbab260000 - 0x00007ffbab380000 	C:\WINDOWS\System32\RPCRT4.dll
0x00007ffbabe30000 - 0x00007ffbabfc4000 	C:\WINDOWS\System32\USER32.dll
0x00007ffbab1a0000 - 0x00007ffbab1c1000 	C:\WINDOWS\System32\win32u.dll
0x00007ffbabb70000 - 0x00007ffbabb96000 	C:\WINDOWS\System32\GDI32.dll
0x00007ffbaaf20000 - 0x00007ffbab0b4000 	C:\WINDOWS\System32\gdi32full.dll
0x00007ffbaadd0000 - 0x00007ffbaae6e000 	C:\WINDOWS\System32\msvcp_win.dll
0x00007ffbaab00000 - 0x00007ffbaabfa000 	C:\WINDOWS\System32\ucrtbase.dll
0x00007ffb953a0000 - 0x00007ffb95625000 	C:\WINDOWS\WinSxS\amd64_microsoft.windows.common-controls_6595b64144ccf1df_6.0.18362.720_none_e6beb5c51314836b\COMCTL32.dll
0x00007ffbacb60000 - 0x00007ffbace96000 	C:\WINDOWS\System32\combase.dll
0x00007ffbaac00000 - 0x00007ffbaac80000 	C:\WINDOWS\System32\bcryptPrimitives.dll
0x00007ffbacf10000 - 0x00007ffbacf3e000 	C:\WINDOWS\System32\IMM32.DLL
0x0000000064ad0000 - 0x0000000064ba2000 	C:\Program Files\Android\Android Studio\jre\jre\bin\msvcr100.dll
0x0000000064c90000 - 0x00000000654d6000 	C:\Program Files\Android\Android Studio\jre\jre\bin\server\jvm.dll
0x00007ffbab250000 - 0x00007ffbab258000 	C:\WINDOWS\System32\PSAPI.DLL
0x00007ffba4820000 - 0x00007ffba482a000 	C:\WINDOWS\SYSTEM32\VERSION.dll
0x00007ffba61e0000 - 0x00007ffba6204000 	C:\WINDOWS\SYSTEM32\WINMM.dll
0x00007ffba6130000 - 0x00007ffba6139000 	C:\WINDOWS\SYSTEM32\WSOCK32.dll
0x00007ffbacea0000 - 0x00007ffbacf0f000 	C:\WINDOWS\System32\WS2_32.dll
0x00007ffba61b0000 - 0x00007ffba61dd000 	C:\WINDOWS\SYSTEM32\WINMMBASE.dll
0x00007ffbab150000 - 0x00007ffbab19a000 	C:\WINDOWS\System32\cfgmgr32.dll
0x00007ffba2e80000 - 0x00007ffba2e8f000 	C:\Program Files\Android\Android Studio\jre\jre\bin\verify.dll
0x00007ffb98340000 - 0x00007ffb98369000 	C:\Program Files\Android\Android Studio\jre\jre\bin\java.dll
0x00007ffba13f0000 - 0x00007ffba1406000 	C:\Program Files\Android\Android Studio\jre\jre\bin\zip.dll
0x00007ffbabfd0000 - 0x00007ffbac6b5000 	C:\WINDOWS\System32\SHELL32.dll
0x00007ffbaba60000 - 0x00007ffbabb09000 	C:\WINDOWS\System32\shcore.dll
0x00007ffbaa0b0000 - 0x00007ffbaa830000 	C:\WINDOWS\System32\windows.storage.dll
0x00007ffba9ff0000 - 0x00007ffbaa013000 	C:\WINDOWS\System32\profapi.dll
0x00007ffbaa060000 - 0x00007ffbaa0aa000 	C:\WINDOWS\System32\powrprof.dll
0x00007ffba9fe0000 - 0x00007ffba9ff0000 	C:\WINDOWS\System32\UMPDC.dll
0x00007ffbab380000 - 0x00007ffbab3d2000 	C:\WINDOWS\System32\shlwapi.dll
0x00007ffbaa040000 - 0x00007ffbaa051000 	C:\WINDOWS\System32\kernel.appcore.dll
0x00007ffbaaae0000 - 0x00007ffbaaaf7000 	C:\WINDOWS\System32\cryptsp.dll
0x00007ffb9d7a0000 - 0x00007ffb9d7ba000 	C:\Program Files\Android\Android Studio\jre\jre\bin\net.dll
0x00007ffba97a0000 - 0x00007ffba9807000 	C:\WINDOWS\system32\mswsock.dll
0x00007ffb98df0000 - 0x00007ffb98e01000 	C:\Program Files\Android\Android Studio\jre\jre\bin\nio.dll
0x00007ffb7d860000 - 0x00007ffb7d886000 	C:\Users\J\.gradle\native\29\windows-amd64\native-platform.dll
0x00007ffba2e60000 - 0x00007ffba2e6d000 	C:\Program Files\Android\Android Studio\jre\jre\bin\management.dll
0x00007ffba9320000 - 0x00007ffba9353000 	C:\WINDOWS\system32\rsaenh.dll
0x00007ffbab120000 - 0x00007ffbab146000 	C:\WINDOWS\System32\bcrypt.dll
0x00007ffba9f00000 - 0x00007ffba9f25000 	C:\WINDOWS\SYSTEM32\USERENV.dll
0x00007ffba9920000 - 0x00007ffba992c000 	C:\WINDOWS\SYSTEM32\CRYPTBASE.dll
0x00007ffba94c0000 - 0x00007ffba94fa000 	C:\WINDOWS\SYSTEM32\IPHLPAPI.DLL
0x00007ffbac980000 - 0x00007ffbac988000 	C:\WINDOWS\System32\NSI.dll
0x00007ffba1860000 - 0x00007ffba1876000 	C:\WINDOWS\SYSTEM32\dhcpcsvc6.DLL
0x00007ffba1760000 - 0x00007ffba177c000 	C:\WINDOWS\SYSTEM32\dhcpcsvc.DLL
0x00007ffba9500000 - 0x00007ffba95ca000 	C:\WINDOWS\SYSTEM32\DNSAPI.dll

VM Arguments:
jvm_args: -Xmx1536m -Dfile.encoding=x-windows-949 -Duser.country=KR -Duser.language=ko -Duser.variant 
java_command: org.gradle.launcher.daemon.bootstrap.GradleDaemon 5.4.1
java_class_path (initial): C:\Users\J\.gradle\wrapper\dists\gradle-5.4.1-all\3221gyojl5jsh0helicew7rwx\gradle-5.4.1\lib\gradle-launcher-5.4.1.jar
Launcher Type: SUN_STANDARD

Environment Variables:
JAVA_HOME=C:\Program Files\Java\jdk-13.0.1
PATH=C:\Users\J\Documents\apache-maven-3.6.2-bin\bin;C:\Program Files\Java\jdk-13.0.1;C:\Program Files\Java\jdk-13.0.1\bin;C:\Program Files (x86)\Intel\Intel(R) Management Engine Components\iCLS\;C:\Program Files\Intel\Intel(R) Management Engine Components\iCLS\;C:\WINDOWS\system32;C:\WINDOWS;C:\WINDOWS\System32\Wbem;C:\WINDOWS\System32\WindowsPowerShell\v1.0\;C:\WINDOWS\System32\OpenSSH\;C:\Program Files (x86)\Intel\Intel(R) Management Engine Components\DAL;C:\Program Files\Intel\Intel(R) Management Engine Components\DAL;C:\Program Files\PuTTY\;C:\Users\J\Downloads;C:\Program Files\Git\cmd;C:\Program Files\MySQL\MySQL Shell 8.0\bin\;C:\Users\J\AppData\Local\Microsoft\WindowsApps;C:\Users\J\AppData\Local\atom\bin;C:\Users\J\AppData\Local\GitHubDesktop\bin
USERNAME=J
OS=Windows_NT
PROCESSOR_IDENTIFIER=Intel64 Family 6 Model 142 Stepping 11, GenuineIntel



---------------  S Y S T E M  ---------------

OS: Windows 10.0 , 64 bit Build 18362 (10.0.18362.329)

CPU:total 8 (initial active 8) (4 cores per cpu, 2 threads per core) family 6 model 142 stepping 11, cmov, cx8, fxsr, mmx, sse, sse2, sse3, ssse3, sse4.1, sse4.2, popcnt, avx, avx2, aes, clmul, erms, 3dnowpref, lzcnt, ht, tsc, tscinvbit, bmi1, bmi2, adx

Memory: 4k page, physical 8177696k(1457804k free), swap 10117152k(5508k free)

vm_info: OpenJDK 64-Bit Server VM (25.202-b03) for windows-amd64 JRE (1.8.0_202-release-1483-b03), built by "builder" with MS VC++ 10.0 (VS2010)

time: Fri Apr 10 16:00:55 2020
timezone: 대한민국 표준시
elapsed time: 12 seconds (0d 0h 0m 12s)

